---------- Date: 2015-08-13 00:09:39 ~ IP : 180.76.15.19 ----------
REQUEST URI : /
MOD DETAILS:
   modFile   : /home/dryvrc5/public_html/vqmod/xml/multimerch_core_sellermenu.xml
   id        : MultiMerch Core Seller Menu
   version   : 
   vqmver    : 
   author    : http://multimerch.com/

File Name    : catalog/view/theme/*/template/common/header.tpl(0)
VQModObject::applyMod - SEARCH NOT FOUND (SKIPPED): <li><a href="<?php echo $contact; ?>"><i class="fa fa-phone"></i></a> <span class="hidden-xs hidden-sm hidden-md"><?php echo $telephone; ?></span></li>

----------------------------------------------------------------------


---------- Date: 2015-08-13 00:10:36 ~ IP : 66.249.79.117 ----------
REQUEST URI : /index.php?route=product/product&product_id=52
MOD DETAILS:
   modFile   : /home/dryvrc5/public_html/vqmod/xml/multimerch_core_sellermenu.xml
   id        : MultiMerch Core Seller Menu
   version   : 
   vqmver    : 
   author    : http://multimerch.com/

File Name    : catalog/view/theme/*/template/common/header.tpl(0)
VQModObject::applyMod - SEARCH NOT FOUND (SKIPPED): <li><a href="<?php echo $contact; ?>"><i class="fa fa-phone"></i></a> <span class="hidden-xs hidden-sm hidden-md"><?php echo $telephone; ?></span></li>

----------------------------------------------------------------------


---------- Date: 2015-08-13 00:11:11 ~ IP : 180.76.15.9 ----------
REQUEST URI : /
MOD DETAILS:
   modFile   : /home/dryvrc5/public_html/vqmod/xml/multimerch_core_sellermenu.xml
   id        : MultiMerch Core Seller Menu
   version   : 
   vqmver    : 
   author    : http://multimerch.com/

File Name    : catalog/view/theme/*/template/common/header.tpl(0)
VQModObject::applyMod - SEARCH NOT FOUND (SKIPPED): <li><a href="<?php echo $contact; ?>"><i class="fa fa-phone"></i></a> <span class="hidden-xs hidden-sm hidden-md"><?php echo $telephone; ?></span></li>

----------------------------------------------------------------------


---------- Date: 2015-08-13 00:32:52 ~ IP : 180.76.15.154 ----------
REQUEST URI : /
MOD DETAILS:
   modFile   : /home/dryvrc5/public_html/vqmod/xml/multimerch_core_sellermenu.xml
   id        : MultiMerch Core Seller Menu
   version   : 
   vqmver    : 
   author    : http://multimerch.com/

File Name    : catalog/view/theme/*/template/common/header.tpl(0)
VQModObject::applyMod - SEARCH NOT FOUND (SKIPPED): <li><a href="<?php echo $contact; ?>"><i class="fa fa-phone"></i></a> <span class="hidden-xs hidden-sm hidden-md"><?php echo $telephone; ?></span></li>

----------------------------------------------------------------------


---------- Date: 2015-08-13 00:33:13 ~ IP : 180.76.15.156 ----------
REQUEST URI : /
MOD DETAILS:
   modFile   : /home/dryvrc5/public_html/vqmod/xml/multimerch_core_sellermenu.xml
   id        : MultiMerch Core Seller Menu
   version   : 
   vqmver    : 
   author    : http://multimerch.com/

File Name    : catalog/view/theme/*/template/common/header.tpl(0)
VQModObject::applyMod - SEARCH NOT FOUND (SKIPPED): <li><a href="<?php echo $contact; ?>"><i class="fa fa-phone"></i></a> <span class="hidden-xs hidden-sm hidden-md"><?php echo $telephone; ?></span></li>

----------------------------------------------------------------------


---------- Date: 2015-08-13 00:56:04 ~ IP : 207.46.13.91 ----------
REQUEST URI : /index.php?route=account/login
MOD DETAILS:
   modFile   : /home/dryvrc5/public_html/vqmod/xml/multimerch_core.xml
   id        : MultiMerch Digital Multivendor Marketplace Core
   version   : 
   vqmver    : 
   author    : http://multimerch.com/

File Name    : catalog/controller/account/login.php(0)
VQModObject::applyMod - SEARCH NOT FOUND (SKIPPED): $this->response->redirect($this->url->link('account/account'));
MOD DETAILS:
   modFile   : /home/dryvrc5/public_html/vqmod/xml/multimerch_core_sellermenu.xml
   id        : MultiMerch Core Seller Menu
   version   : 
   vqmver    : 
   author    : http://multimerch.com/

File Name    : catalog/view/theme/*/template/common/header.tpl(0)
VQModObject::applyMod - SEARCH NOT FOUND (SKIPPED): <li><a href="<?php echo $contact; ?>"><i class="fa fa-phone"></i></a> <span class="hidden-xs hidden-sm hidden-md"><?php echo $telephone; ?></span></li>

----------------------------------------------------------------------


---------- Date: 2015-08-13 01:19:13 ~ IP : 180.76.15.142 ----------
REQUEST URI : /index.php?route=product/listing&make_id=103&limit=25&sort=p.daily&order=DESC
MOD DETAILS:
   modFile   : /home/dryvrc5/public_html/vqmod/xml/multimerch_core_sellermenu.xml
   id        : MultiMerch Core Seller Menu
   version   : 
   vqmver    : 
   author    : http://multimerch.com/

File Name    : catalog/view/theme/*/template/common/header.tpl(0)
VQModObject::applyMod - SEARCH NOT FOUND (SKIPPED): <li><a href="<?php echo $contact; ?>"><i class="fa fa-phone"></i></a> <span class="hidden-xs hidden-sm hidden-md"><?php echo $telephone; ?></span></li>

----------------------------------------------------------------------


---------- Date: 2015-08-13 01:26:23 ~ IP : 66.249.67.66 ----------
REQUEST URI : /robots.txt
MOD DETAILS:
   modFile   : /home/dryvrc5/public_html/vqmod/xml/multimerch_core_sellermenu.xml
   id        : MultiMerch Core Seller Menu
   version   : 
   vqmver    : 
   author    : http://multimerch.com/

File Name    : catalog/view/theme/*/template/common/header.tpl(0)
VQModObject::applyMod - SEARCH NOT FOUND (SKIPPED): <li><a href="<?php echo $contact; ?>"><i class="fa fa-phone"></i></a> <span class="hidden-xs hidden-sm hidden-md"><?php echo $telephone; ?></span></li>

----------------------------------------------------------------------


---------- Date: 2015-08-13 01:26:24 ~ IP : 66.249.67.66 ----------
REQUEST URI : /index.php?route=product/product&product_id=75
MOD DETAILS:
   modFile   : /home/dryvrc5/public_html/vqmod/xml/multimerch_core_sellermenu.xml
   id        : MultiMerch Core Seller Menu
   version   : 
   vqmver    : 
   author    : http://multimerch.com/

File Name    : catalog/view/theme/*/template/common/header.tpl(0)
VQModObject::applyMod - SEARCH NOT FOUND (SKIPPED): <li><a href="<?php echo $contact; ?>"><i class="fa fa-phone"></i></a> <span class="hidden-xs hidden-sm hidden-md"><?php echo $telephone; ?></span></li>

----------------------------------------------------------------------


---------- Date: 2015-08-13 01:39:31 ~ IP : 207.46.13.83 ----------
REQUEST URI : /
MOD DETAILS:
   modFile   : /home/dryvrc5/public_html/vqmod/xml/multimerch_core_sellermenu.xml
   id        : MultiMerch Core Seller Menu
   version   : 
   vqmver    : 
   author    : http://multimerch.com/

File Name    : catalog/view/theme/*/template/common/header.tpl(0)
VQModObject::applyMod - SEARCH NOT FOUND (SKIPPED): <li><a href="<?php echo $contact; ?>"><i class="fa fa-phone"></i></a> <span class="hidden-xs hidden-sm hidden-md"><?php echo $telephone; ?></span></li>

----------------------------------------------------------------------


---------- Date: 2015-08-13 01:49:04 ~ IP : 157.55.39.109 ----------
REQUEST URI : /robots.txt
MOD DETAILS:
   modFile   : /home/dryvrc5/public_html/vqmod/xml/multimerch_core_sellermenu.xml
   id        : MultiMerch Core Seller Menu
   version   : 
   vqmver    : 
   author    : http://multimerch.com/

File Name    : catalog/view/theme/*/template/common/header.tpl(0)
VQModObject::applyMod - SEARCH NOT FOUND (SKIPPED): <li><a href="<?php echo $contact; ?>"><i class="fa fa-phone"></i></a> <span class="hidden-xs hidden-sm hidden-md"><?php echo $telephone; ?></span></li>

----------------------------------------------------------------------


---------- Date: 2015-08-13 02:01:09 ~ IP : 180.76.15.19 ----------
REQUEST URI : /
MOD DETAILS:
   modFile   : /home/dryvrc5/public_html/vqmod/xml/multimerch_core_sellermenu.xml
   id        : MultiMerch Core Seller Menu
   version   : 
   vqmver    : 
   author    : http://multimerch.com/

File Name    : catalog/view/theme/*/template/common/header.tpl(0)
VQModObject::applyMod - SEARCH NOT FOUND (SKIPPED): <li><a href="<?php echo $contact; ?>"><i class="fa fa-phone"></i></a> <span class="hidden-xs hidden-sm hidden-md"><?php echo $telephone; ?></span></li>

----------------------------------------------------------------------


---------- Date: 2015-08-13 02:02:38 ~ IP : 180.76.15.27 ----------
REQUEST URI : /
MOD DETAILS:
   modFile   : /home/dryvrc5/public_html/vqmod/xml/multimerch_core_sellermenu.xml
   id        : MultiMerch Core Seller Menu
   version   : 
   vqmver    : 
   author    : http://multimerch.com/

File Name    : catalog/view/theme/*/template/common/header.tpl(0)
VQModObject::applyMod - SEARCH NOT FOUND (SKIPPED): <li><a href="<?php echo $contact; ?>"><i class="fa fa-phone"></i></a> <span class="hidden-xs hidden-sm hidden-md"><?php echo $telephone; ?></span></li>

----------------------------------------------------------------------


---------- Date: 2015-08-13 02:31:25 ~ IP : 180.76.15.5 ----------
REQUEST URI : /
MOD DETAILS:
   modFile   : /home/dryvrc5/public_html/vqmod/xml/multimerch_core_sellermenu.xml
   id        : MultiMerch Core Seller Menu
   version   : 
   vqmver    : 
   author    : http://multimerch.com/

File Name    : catalog/view/theme/*/template/common/header.tpl(0)
VQModObject::applyMod - SEARCH NOT FOUND (SKIPPED): <li><a href="<?php echo $contact; ?>"><i class="fa fa-phone"></i></a> <span class="hidden-xs hidden-sm hidden-md"><?php echo $telephone; ?></span></li>

----------------------------------------------------------------------


---------- Date: 2015-08-13 02:31:46 ~ IP : 180.76.15.139 ----------
REQUEST URI : /
MOD DETAILS:
   modFile   : /home/dryvrc5/public_html/vqmod/xml/multimerch_core_sellermenu.xml
   id        : MultiMerch Core Seller Menu
   version   : 
   vqmver    : 
   author    : http://multimerch.com/

File Name    : catalog/view/theme/*/template/common/header.tpl(0)
VQModObject::applyMod - SEARCH NOT FOUND (SKIPPED): <li><a href="<?php echo $contact; ?>"><i class="fa fa-phone"></i></a> <span class="hidden-xs hidden-sm hidden-md"><?php echo $telephone; ?></span></li>

----------------------------------------------------------------------


---------- Date: 2015-08-13 02:41:41 ~ IP : 207.46.13.91 ----------
REQUEST URI : /robots.txt
MOD DETAILS:
   modFile   : /home/dryvrc5/public_html/vqmod/xml/multimerch_core_sellermenu.xml
   id        : MultiMerch Core Seller Menu
   version   : 
   vqmver    : 
   author    : http://multimerch.com/

File Name    : catalog/view/theme/*/template/common/header.tpl(0)
VQModObject::applyMod - SEARCH NOT FOUND (SKIPPED): <li><a href="<?php echo $contact; ?>"><i class="fa fa-phone"></i></a> <span class="hidden-xs hidden-sm hidden-md"><?php echo $telephone; ?></span></li>

----------------------------------------------------------------------


---------- Date: 2015-08-13 02:42:10 ~ IP : 66.249.79.117 ----------
REQUEST URI : /index.php?route=product/category&path=103_250
MOD DETAILS:
   modFile   : /home/dryvrc5/public_html/vqmod/xml/multimerch_core_sellermenu.xml
   id        : MultiMerch Core Seller Menu
   version   : 
   vqmver    : 
   author    : http://multimerch.com/

File Name    : catalog/view/theme/*/template/common/header.tpl(0)
VQModObject::applyMod - SEARCH NOT FOUND (SKIPPED): <li><a href="<?php echo $contact; ?>"><i class="fa fa-phone"></i></a> <span class="hidden-xs hidden-sm hidden-md"><?php echo $telephone; ?></span></li>

----------------------------------------------------------------------


---------- Date: 2015-08-13 02:48:44 ~ IP : 180.76.15.160 ----------
REQUEST URI : /index.php?route=product/listing&make_id=251&limit=75
MOD DETAILS:
   modFile   : /home/dryvrc5/public_html/vqmod/xml/multimerch_core_sellermenu.xml
   id        : MultiMerch Core Seller Menu
   version   : 
   vqmver    : 
   author    : http://multimerch.com/

File Name    : catalog/view/theme/*/template/common/header.tpl(0)
VQModObject::applyMod - SEARCH NOT FOUND (SKIPPED): <li><a href="<?php echo $contact; ?>"><i class="fa fa-phone"></i></a> <span class="hidden-xs hidden-sm hidden-md"><?php echo $telephone; ?></span></li>

----------------------------------------------------------------------


---------- Date: 2015-08-13 02:50:46 ~ IP : 157.55.39.109 ----------
REQUEST URI : /robots.txt
MOD DETAILS:
   modFile   : /home/dryvrc5/public_html/vqmod/xml/multimerch_core_sellermenu.xml
   id        : MultiMerch Core Seller Menu
   version   : 
   vqmver    : 
   author    : http://multimerch.com/

File Name    : catalog/view/theme/*/template/common/header.tpl(0)
VQModObject::applyMod - SEARCH NOT FOUND (SKIPPED): <li><a href="<?php echo $contact; ?>"><i class="fa fa-phone"></i></a> <span class="hidden-xs hidden-sm hidden-md"><?php echo $telephone; ?></span></li>

----------------------------------------------------------------------


---------- Date: 2015-08-13 03:31:31 ~ IP : 180.76.15.160 ----------
REQUEST URI : /
MOD DETAILS:
   modFile   : /home/dryvrc5/public_html/vqmod/xml/multimerch_core_sellermenu.xml
   id        : MultiMerch Core Seller Menu
   version   : 
   vqmver    : 
   author    : http://multimerch.com/

File Name    : catalog/view/theme/*/template/common/header.tpl(0)
VQModObject::applyMod - SEARCH NOT FOUND (SKIPPED): <li><a href="<?php echo $contact; ?>"><i class="fa fa-phone"></i></a> <span class="hidden-xs hidden-sm hidden-md"><?php echo $telephone; ?></span></li>

----------------------------------------------------------------------


---------- Date: 2015-08-13 03:31:55 ~ IP : 180.76.15.137 ----------
REQUEST URI : /
MOD DETAILS:
   modFile   : /home/dryvrc5/public_html/vqmod/xml/multimerch_core_sellermenu.xml
   id        : MultiMerch Core Seller Menu
   version   : 
   vqmver    : 
   author    : http://multimerch.com/

File Name    : catalog/view/theme/*/template/common/header.tpl(0)
VQModObject::applyMod - SEARCH NOT FOUND (SKIPPED): <li><a href="<?php echo $contact; ?>"><i class="fa fa-phone"></i></a> <span class="hidden-xs hidden-sm hidden-md"><?php echo $telephone; ?></span></li>

----------------------------------------------------------------------


---------- Date: 2015-08-13 03:36:13 ~ IP : 180.76.15.138 ----------
REQUEST URI : /index.php?route=product/listing&make_id=79&sort=p.daily&order=ASC
MOD DETAILS:
   modFile   : /home/dryvrc5/public_html/vqmod/xml/multimerch_core_sellermenu.xml
   id        : MultiMerch Core Seller Menu
   version   : 
   vqmver    : 
   author    : http://multimerch.com/

File Name    : catalog/view/theme/*/template/common/header.tpl(0)
VQModObject::applyMod - SEARCH NOT FOUND (SKIPPED): <li><a href="<?php echo $contact; ?>"><i class="fa fa-phone"></i></a> <span class="hidden-xs hidden-sm hidden-md"><?php echo $telephone; ?></span></li>

----------------------------------------------------------------------


---------- Date: 2015-08-13 03:57:59 ~ IP : 66.249.79.117 ----------
REQUEST URI : /index.php?route=product/product&product_id=60
MOD DETAILS:
   modFile   : /home/dryvrc5/public_html/vqmod/xml/multimerch_core_sellermenu.xml
   id        : MultiMerch Core Seller Menu
   version   : 
   vqmver    : 
   author    : http://multimerch.com/

File Name    : catalog/view/theme/*/template/common/header.tpl(0)
VQModObject::applyMod - SEARCH NOT FOUND (SKIPPED): <li><a href="<?php echo $contact; ?>"><i class="fa fa-phone"></i></a> <span class="hidden-xs hidden-sm hidden-md"><?php echo $telephone; ?></span></li>

----------------------------------------------------------------------


---------- Date: 2015-08-13 04:25:26 ~ IP : 180.76.15.156 ----------
REQUEST URI : /index.php?route=product/listing&make_id=183&sort=p.daily&order=DESC&limit=25
MOD DETAILS:
   modFile   : /home/dryvrc5/public_html/vqmod/xml/multimerch_core_sellermenu.xml
   id        : MultiMerch Core Seller Menu
   version   : 
   vqmver    : 
   author    : http://multimerch.com/

File Name    : catalog/view/theme/*/template/common/header.tpl(0)
VQModObject::applyMod - SEARCH NOT FOUND (SKIPPED): <li><a href="<?php echo $contact; ?>"><i class="fa fa-phone"></i></a> <span class="hidden-xs hidden-sm hidden-md"><?php echo $telephone; ?></span></li>

----------------------------------------------------------------------


---------- Date: 2015-08-13 04:31:34 ~ IP : 180.76.15.140 ----------
REQUEST URI : /
MOD DETAILS:
   modFile   : /home/dryvrc5/public_html/vqmod/xml/multimerch_core_sellermenu.xml
   id        : MultiMerch Core Seller Menu
   version   : 
   vqmver    : 
   author    : http://multimerch.com/

File Name    : catalog/view/theme/*/template/common/header.tpl(0)
VQModObject::applyMod - SEARCH NOT FOUND (SKIPPED): <li><a href="<?php echo $contact; ?>"><i class="fa fa-phone"></i></a> <span class="hidden-xs hidden-sm hidden-md"><?php echo $telephone; ?></span></li>

----------------------------------------------------------------------


---------- Date: 2015-08-13 04:31:50 ~ IP : 137.226.113.7 ----------
REQUEST URI : /
MOD DETAILS:
   modFile   : /home/dryvrc5/public_html/vqmod/xml/multimerch_core_sellermenu.xml
   id        : MultiMerch Core Seller Menu
   version   : 
   vqmver    : 
   author    : http://multimerch.com/

File Name    : catalog/view/theme/*/template/common/header.tpl(0)
VQModObject::applyMod - SEARCH NOT FOUND (SKIPPED): <li><a href="<?php echo $contact; ?>"><i class="fa fa-phone"></i></a> <span class="hidden-xs hidden-sm hidden-md"><?php echo $telephone; ?></span></li>

----------------------------------------------------------------------


---------- Date: 2015-08-13 04:31:57 ~ IP : 180.76.15.154 ----------
REQUEST URI : /
MOD DETAILS:
   modFile   : /home/dryvrc5/public_html/vqmod/xml/multimerch_core_sellermenu.xml
   id        : MultiMerch Core Seller Menu
   version   : 
   vqmver    : 
   author    : http://multimerch.com/

File Name    : catalog/view/theme/*/template/common/header.tpl(0)
VQModObject::applyMod - SEARCH NOT FOUND (SKIPPED): <li><a href="<?php echo $contact; ?>"><i class="fa fa-phone"></i></a> <span class="hidden-xs hidden-sm hidden-md"><?php echo $telephone; ?></span></li>

----------------------------------------------------------------------


---------- Date: 2015-08-13 04:40:25 ~ IP : 180.76.15.135 ----------
REQUEST URI : /index.php?route=product/listing&make_id=103&sort=p.daily&order=ASC&limit=30&sort=p.daily&order=DESC
MOD DETAILS:
   modFile   : /home/dryvrc5/public_html/vqmod/xml/multimerch_core_sellermenu.xml
   id        : MultiMerch Core Seller Menu
   version   : 
   vqmver    : 
   author    : http://multimerch.com/

File Name    : catalog/view/theme/*/template/common/header.tpl(0)
VQModObject::applyMod - SEARCH NOT FOUND (SKIPPED): <li><a href="<?php echo $contact; ?>"><i class="fa fa-phone"></i></a> <span class="hidden-xs hidden-sm hidden-md"><?php echo $telephone; ?></span></li>

----------------------------------------------------------------------


---------- Date: 2015-08-13 04:55:26 ~ IP : 180.76.15.150 ----------
REQUEST URI : /index.php?route=product/listing&make_id=63&sort=p.daily&order=DESC
MOD DETAILS:
   modFile   : /home/dryvrc5/public_html/vqmod/xml/multimerch_core_sellermenu.xml
   id        : MultiMerch Core Seller Menu
   version   : 
   vqmver    : 
   author    : http://multimerch.com/

File Name    : catalog/view/theme/*/template/common/header.tpl(0)
VQModObject::applyMod - SEARCH NOT FOUND (SKIPPED): <li><a href="<?php echo $contact; ?>"><i class="fa fa-phone"></i></a> <span class="hidden-xs hidden-sm hidden-md"><?php echo $telephone; ?></span></li>

----------------------------------------------------------------------


---------- Date: 2015-08-13 05:13:45 ~ IP : 66.249.79.143 ----------
REQUEST URI : /index.php?route=product/product&product_id=85
MOD DETAILS:
   modFile   : /home/dryvrc5/public_html/vqmod/xml/multimerch_core_sellermenu.xml
   id        : MultiMerch Core Seller Menu
   version   : 
   vqmver    : 
   author    : http://multimerch.com/

File Name    : catalog/view/theme/*/template/common/header.tpl(0)
VQModObject::applyMod - SEARCH NOT FOUND (SKIPPED): <li><a href="<?php echo $contact; ?>"><i class="fa fa-phone"></i></a> <span class="hidden-xs hidden-sm hidden-md"><?php echo $telephone; ?></span></li>

----------------------------------------------------------------------


---------- Date: 2015-08-13 05:25:26 ~ IP : 180.76.15.143 ----------
REQUEST URI : /index.php?route=account/register
MOD DETAILS:
   modFile   : /home/dryvrc5/public_html/vqmod/xml/multimerch_core_sellermenu.xml
   id        : MultiMerch Core Seller Menu
   version   : 
   vqmver    : 
   author    : http://multimerch.com/

File Name    : catalog/view/theme/*/template/common/header.tpl(0)
VQModObject::applyMod - SEARCH NOT FOUND (SKIPPED): <li><a href="<?php echo $contact; ?>"><i class="fa fa-phone"></i></a> <span class="hidden-xs hidden-sm hidden-md"><?php echo $telephone; ?></span></li>

----------------------------------------------------------------------


---------- Date: 2015-08-13 06:08:12 ~ IP : 180.76.15.11 ----------
REQUEST URI : /
MOD DETAILS:
   modFile   : /home/dryvrc5/public_html/vqmod/xml/multimerch_core_sellermenu.xml
   id        : MultiMerch Core Seller Menu
   version   : 
   vqmver    : 
   author    : http://multimerch.com/

File Name    : catalog/view/theme/*/template/common/header.tpl(0)
VQModObject::applyMod - SEARCH NOT FOUND (SKIPPED): <li><a href="<?php echo $contact; ?>"><i class="fa fa-phone"></i></a> <span class="hidden-xs hidden-sm hidden-md"><?php echo $telephone; ?></span></li>

----------------------------------------------------------------------


---------- Date: 2015-08-13 06:09:56 ~ IP : 180.76.15.148 ----------
REQUEST URI : /
MOD DETAILS:
   modFile   : /home/dryvrc5/public_html/vqmod/xml/multimerch_core_sellermenu.xml
   id        : MultiMerch Core Seller Menu
   version   : 
   vqmver    : 
   author    : http://multimerch.com/

File Name    : catalog/view/theme/*/template/common/header.tpl(0)
VQModObject::applyMod - SEARCH NOT FOUND (SKIPPED): <li><a href="<?php echo $contact; ?>"><i class="fa fa-phone"></i></a> <span class="hidden-xs hidden-sm hidden-md"><?php echo $telephone; ?></span></li>

----------------------------------------------------------------------


---------- Date: 2015-08-13 06:17:35 ~ IP : 180.76.15.137 ----------
REQUEST URI : /index.php?route=product/listing&make_id=139&limit=50&sort=p.daily&order=DESC
MOD DETAILS:
   modFile   : /home/dryvrc5/public_html/vqmod/xml/multimerch_core_sellermenu.xml
   id        : MultiMerch Core Seller Menu
   version   : 
   vqmver    : 
   author    : http://multimerch.com/

File Name    : catalog/view/theme/*/template/common/header.tpl(0)
VQModObject::applyMod - SEARCH NOT FOUND (SKIPPED): <li><a href="<?php echo $contact; ?>"><i class="fa fa-phone"></i></a> <span class="hidden-xs hidden-sm hidden-md"><?php echo $telephone; ?></span></li>

----------------------------------------------------------------------


---------- Date: 2015-08-13 06:27:38 ~ IP : 180.76.15.148 ----------
REQUEST URI : /
MOD DETAILS:
   modFile   : /home/dryvrc5/public_html/vqmod/xml/multimerch_core_sellermenu.xml
   id        : MultiMerch Core Seller Menu
   version   : 
   vqmver    : 
   author    : http://multimerch.com/

File Name    : catalog/view/theme/*/template/common/header.tpl(0)
VQModObject::applyMod - SEARCH NOT FOUND (SKIPPED): <li><a href="<?php echo $contact; ?>"><i class="fa fa-phone"></i></a> <span class="hidden-xs hidden-sm hidden-md"><?php echo $telephone; ?></span></li>

----------------------------------------------------------------------


---------- Date: 2015-08-13 06:27:52 ~ IP : 180.76.15.156 ----------
REQUEST URI : /
MOD DETAILS:
   modFile   : /home/dryvrc5/public_html/vqmod/xml/multimerch_core_sellermenu.xml
   id        : MultiMerch Core Seller Menu
   version   : 
   vqmver    : 
   author    : http://multimerch.com/

File Name    : catalog/view/theme/*/template/common/header.tpl(0)
VQModObject::applyMod - SEARCH NOT FOUND (SKIPPED): <li><a href="<?php echo $contact; ?>"><i class="fa fa-phone"></i></a> <span class="hidden-xs hidden-sm hidden-md"><?php echo $telephone; ?></span></li>

----------------------------------------------------------------------


---------- Date: 2015-08-13 06:29:31 ~ IP : 66.249.79.143 ----------
REQUEST URI : /index.php?route=product/product&product_id=119
MOD DETAILS:
   modFile   : /home/dryvrc5/public_html/vqmod/xml/multimerch_core_sellermenu.xml
   id        : MultiMerch Core Seller Menu
   version   : 
   vqmver    : 
   author    : http://multimerch.com/

File Name    : catalog/view/theme/*/template/common/header.tpl(0)
VQModObject::applyMod - SEARCH NOT FOUND (SKIPPED): <li><a href="<?php echo $contact; ?>"><i class="fa fa-phone"></i></a> <span class="hidden-xs hidden-sm hidden-md"><?php echo $telephone; ?></span></li>

----------------------------------------------------------------------


---------- Date: 2015-08-13 06:32:35 ~ IP : 180.76.15.152 ----------
REQUEST URI : /index.php?route=product/listing&make_id=139&sort=p.daily&order=ASC&limit=100&sort=p.daily&order=ASC
MOD DETAILS:
   modFile   : /home/dryvrc5/public_html/vqmod/xml/multimerch_core_sellermenu.xml
   id        : MultiMerch Core Seller Menu
   version   : 
   vqmver    : 
   author    : http://multimerch.com/

File Name    : catalog/view/theme/*/template/common/header.tpl(0)
VQModObject::applyMod - SEARCH NOT FOUND (SKIPPED): <li><a href="<?php echo $contact; ?>"><i class="fa fa-phone"></i></a> <span class="hidden-xs hidden-sm hidden-md"><?php echo $telephone; ?></span></li>

----------------------------------------------------------------------


---------- Date: 2015-08-13 06:32:42 ~ IP : 172.91.153.14 ----------
REQUEST URI : /index.php?route=common/home
MOD DETAILS:
   modFile   : /home/dryvrc5/public_html/vqmod/xml/multimerch_core_sellermenu.xml
   id        : MultiMerch Core Seller Menu
   version   : 
   vqmver    : 
   author    : http://multimerch.com/

File Name    : catalog/view/theme/*/template/common/header.tpl(0)
VQModObject::applyMod - SEARCH NOT FOUND (SKIPPED): <li><a href="<?php echo $contact; ?>"><i class="fa fa-phone"></i></a> <span class="hidden-xs hidden-sm hidden-md"><?php echo $telephone; ?></span></li>

----------------------------------------------------------------------


---------- Date: 2015-08-13 06:33:08 ~ IP : 172.91.153.14 ----------
REQUEST URI : /index.php?route=product/listing&city_id=6&start_date=08/13/2015&start_time=06:00%20AM&end_date=08/14/2015&end_time=06:00%20AM
MOD DETAILS:
   modFile   : /home/dryvrc5/public_html/vqmod/xml/multimerch_core_sellermenu.xml
   id        : MultiMerch Core Seller Menu
   version   : 
   vqmver    : 
   author    : http://multimerch.com/

File Name    : catalog/view/theme/*/template/common/header.tpl(0)
VQModObject::applyMod - SEARCH NOT FOUND (SKIPPED): <li><a href="<?php echo $contact; ?>"><i class="fa fa-phone"></i></a> <span class="hidden-xs hidden-sm hidden-md"><?php echo $telephone; ?></span></li>

----------------------------------------------------------------------


---------- Date: 2015-08-13 06:33:16 ~ IP : 172.91.153.14 ----------
REQUEST URI : /index.php?route=checkout/checkout
MOD DETAILS:
   modFile   : /home/dryvrc5/public_html/vqmod/xml/multimerch_core_sellermenu.xml
   id        : MultiMerch Core Seller Menu
   version   : 
   vqmver    : 
   author    : http://multimerch.com/

File Name    : catalog/view/theme/*/template/common/header.tpl(0)
VQModObject::applyMod - SEARCH NOT FOUND (SKIPPED): <li><a href="<?php echo $contact; ?>"><i class="fa fa-phone"></i></a> <span class="hidden-xs hidden-sm hidden-md"><?php echo $telephone; ?></span></li>

----------------------------------------------------------------------


---------- Date: 2015-08-13 06:47:35 ~ IP : 180.76.15.134 ----------
REQUEST URI : /index.php?route=product/listing&make_id=59&sort=p.daily&order=ASC&sort=p.daily&order=DESC
MOD DETAILS:
   modFile   : /home/dryvrc5/public_html/vqmod/xml/multimerch_core_sellermenu.xml
   id        : MultiMerch Core Seller Menu
   version   : 
   vqmver    : 
   author    : http://multimerch.com/

File Name    : catalog/view/theme/*/template/common/header.tpl(0)
VQModObject::applyMod - SEARCH NOT FOUND (SKIPPED): <li><a href="<?php echo $contact; ?>"><i class="fa fa-phone"></i></a> <span class="hidden-xs hidden-sm hidden-md"><?php echo $telephone; ?></span></li>

----------------------------------------------------------------------


---------- Date: 2015-08-13 07:02:35 ~ IP : 180.76.15.143 ----------
REQUEST URI : /index.php?route=product/listing&city_id=6&sort=p.daily&order=DESC
MOD DETAILS:
   modFile   : /home/dryvrc5/public_html/vqmod/xml/multimerch_core_sellermenu.xml
   id        : MultiMerch Core Seller Menu
   version   : 
   vqmver    : 
   author    : http://multimerch.com/

File Name    : catalog/view/theme/*/template/common/header.tpl(0)
VQModObject::applyMod - SEARCH NOT FOUND (SKIPPED): <li><a href="<?php echo $contact; ?>"><i class="fa fa-phone"></i></a> <span class="hidden-xs hidden-sm hidden-md"><?php echo $telephone; ?></span></li>

----------------------------------------------------------------------


---------- Date: 2015-08-13 07:17:35 ~ IP : 180.76.15.143 ----------
REQUEST URI : /index.php?route=product/listing&make_id=174&sort=p.daily&order=DESC&limit=100
MOD DETAILS:
   modFile   : /home/dryvrc5/public_html/vqmod/xml/multimerch_core_sellermenu.xml
   id        : MultiMerch Core Seller Menu
   version   : 
   vqmver    : 
   author    : http://multimerch.com/

File Name    : catalog/view/theme/*/template/common/header.tpl(0)
VQModObject::applyMod - SEARCH NOT FOUND (SKIPPED): <li><a href="<?php echo $contact; ?>"><i class="fa fa-phone"></i></a> <span class="hidden-xs hidden-sm hidden-md"><?php echo $telephone; ?></span></li>

----------------------------------------------------------------------


---------- Date: 2015-08-13 07:45:18 ~ IP : 66.249.79.117 ----------
REQUEST URI : /index.php?route=product/product&product_id=184
MOD DETAILS:
   modFile   : /home/dryvrc5/public_html/vqmod/xml/multimerch_core_sellermenu.xml
   id        : MultiMerch Core Seller Menu
   version   : 
   vqmver    : 
   author    : http://multimerch.com/

File Name    : catalog/view/theme/*/template/common/header.tpl(0)
VQModObject::applyMod - SEARCH NOT FOUND (SKIPPED): <li><a href="<?php echo $contact; ?>"><i class="fa fa-phone"></i></a> <span class="hidden-xs hidden-sm hidden-md"><?php echo $telephone; ?></span></li>

----------------------------------------------------------------------


---------- Date: 2015-08-13 07:59:30 ~ IP : 180.76.15.12 ----------
REQUEST URI : /
MOD DETAILS:
   modFile   : /home/dryvrc5/public_html/vqmod/xml/multimerch_core_sellermenu.xml
   id        : MultiMerch Core Seller Menu
   version   : 
   vqmver    : 
   author    : http://multimerch.com/

File Name    : catalog/view/theme/*/template/common/header.tpl(0)
VQModObject::applyMod - SEARCH NOT FOUND (SKIPPED): <li><a href="<?php echo $contact; ?>"><i class="fa fa-phone"></i></a> <span class="hidden-xs hidden-sm hidden-md"><?php echo $telephone; ?></span></li>

----------------------------------------------------------------------


---------- Date: 2015-08-13 08:00:56 ~ IP : 180.76.15.27 ----------
REQUEST URI : /
MOD DETAILS:
   modFile   : /home/dryvrc5/public_html/vqmod/xml/multimerch_core_sellermenu.xml
   id        : MultiMerch Core Seller Menu
   version   : 
   vqmver    : 
   author    : http://multimerch.com/

File Name    : catalog/view/theme/*/template/common/header.tpl(0)
VQModObject::applyMod - SEARCH NOT FOUND (SKIPPED): <li><a href="<?php echo $contact; ?>"><i class="fa fa-phone"></i></a> <span class="hidden-xs hidden-sm hidden-md"><?php echo $telephone; ?></span></li>

----------------------------------------------------------------------


---------- Date: 2015-08-13 08:32:23 ~ IP : 180.76.15.29 ----------
REQUEST URI : /
MOD DETAILS:
   modFile   : /home/dryvrc5/public_html/vqmod/xml/multimerch_core_sellermenu.xml
   id        : MultiMerch Core Seller Menu
   version   : 
   vqmver    : 
   author    : http://multimerch.com/

File Name    : catalog/view/theme/*/template/common/header.tpl(0)
VQModObject::applyMod - SEARCH NOT FOUND (SKIPPED): <li><a href="<?php echo $contact; ?>"><i class="fa fa-phone"></i></a> <span class="hidden-xs hidden-sm hidden-md"><?php echo $telephone; ?></span></li>

----------------------------------------------------------------------


---------- Date: 2015-08-13 08:32:45 ~ IP : 180.76.15.21 ----------
REQUEST URI : /
MOD DETAILS:
   modFile   : /home/dryvrc5/public_html/vqmod/xml/multimerch_core_sellermenu.xml
   id        : MultiMerch Core Seller Menu
   version   : 
   vqmver    : 
   author    : http://multimerch.com/

File Name    : catalog/view/theme/*/template/common/header.tpl(0)
VQModObject::applyMod - SEARCH NOT FOUND (SKIPPED): <li><a href="<?php echo $contact; ?>"><i class="fa fa-phone"></i></a> <span class="hidden-xs hidden-sm hidden-md"><?php echo $telephone; ?></span></li>

----------------------------------------------------------------------


---------- Date: 2015-08-13 09:01:05 ~ IP : 66.249.79.143 ----------
REQUEST URI : /index.php?route=product/product&product_id=150
MOD DETAILS:
   modFile   : /home/dryvrc5/public_html/vqmod/xml/multimerch_core_sellermenu.xml
   id        : MultiMerch Core Seller Menu
   version   : 
   vqmver    : 
   author    : http://multimerch.com/

File Name    : catalog/view/theme/*/template/common/header.tpl(0)
VQModObject::applyMod - SEARCH NOT FOUND (SKIPPED): <li><a href="<?php echo $contact; ?>"><i class="fa fa-phone"></i></a> <span class="hidden-xs hidden-sm hidden-md"><?php echo $telephone; ?></span></li>

----------------------------------------------------------------------


---------- Date: 2015-08-13 09:06:16 ~ IP : 141.212.122.178 ----------
REQUEST URI : /x
MOD DETAILS:
   modFile   : /home/dryvrc5/public_html/vqmod/xml/multimerch_core_sellermenu.xml
   id        : MultiMerch Core Seller Menu
   version   : 
   vqmver    : 
   author    : http://multimerch.com/

File Name    : catalog/view/theme/*/template/common/header.tpl(0)
VQModObject::applyMod - SEARCH NOT FOUND (SKIPPED): <li><a href="<?php echo $contact; ?>"><i class="fa fa-phone"></i></a> <span class="hidden-xs hidden-sm hidden-md"><?php echo $telephone; ?></span></li>

----------------------------------------------------------------------


---------- Date: 2015-08-13 09:52:15 ~ IP : 185.25.151.159 ----------
REQUEST URI : http://testp1.piwo.pila.pl/testproxy.php
MOD DETAILS:
   modFile   : /home/dryvrc5/public_html/vqmod/xml/multimerch_core_sellermenu.xml
   id        : MultiMerch Core Seller Menu
   version   : 
   vqmver    : 
   author    : http://multimerch.com/

File Name    : catalog/view/theme/*/template/common/header.tpl(0)
VQModObject::applyMod - SEARCH NOT FOUND (SKIPPED): <li><a href="<?php echo $contact; ?>"><i class="fa fa-phone"></i></a> <span class="hidden-xs hidden-sm hidden-md"><?php echo $telephone; ?></span></li>

----------------------------------------------------------------------


---------- Date: 2015-08-13 10:03:55 ~ IP : 180.76.15.159 ----------
REQUEST URI : /
MOD DETAILS:
   modFile   : /home/dryvrc5/public_html/vqmod/xml/multimerch_core_sellermenu.xml
   id        : MultiMerch Core Seller Menu
   version   : 
   vqmver    : 
   author    : http://multimerch.com/

File Name    : catalog/view/theme/*/template/common/header.tpl(0)
VQModObject::applyMod - SEARCH NOT FOUND (SKIPPED): <li><a href="<?php echo $contact; ?>"><i class="fa fa-phone"></i></a> <span class="hidden-xs hidden-sm hidden-md"><?php echo $telephone; ?></span></li>

----------------------------------------------------------------------


---------- Date: 2015-08-13 10:05:29 ~ IP : 180.76.15.137 ----------
REQUEST URI : /
MOD DETAILS:
   modFile   : /home/dryvrc5/public_html/vqmod/xml/multimerch_core_sellermenu.xml
   id        : MultiMerch Core Seller Menu
   version   : 
   vqmver    : 
   author    : http://multimerch.com/

File Name    : catalog/view/theme/*/template/common/header.tpl(0)
VQModObject::applyMod - SEARCH NOT FOUND (SKIPPED): <li><a href="<?php echo $contact; ?>"><i class="fa fa-phone"></i></a> <span class="hidden-xs hidden-sm hidden-md"><?php echo $telephone; ?></span></li>

----------------------------------------------------------------------


---------- Date: 2015-08-13 10:07:43 ~ IP : 185.49.14.190 ----------
REQUEST URI : http://testp1.piwo.pila.pl/testproxy.php
MOD DETAILS:
   modFile   : /home/dryvrc5/public_html/vqmod/xml/multimerch_core_sellermenu.xml
   id        : MultiMerch Core Seller Menu
   version   : 
   vqmver    : 
   author    : http://multimerch.com/

File Name    : catalog/view/theme/*/template/common/header.tpl(0)
VQModObject::applyMod - SEARCH NOT FOUND (SKIPPED): <li><a href="<?php echo $contact; ?>"><i class="fa fa-phone"></i></a> <span class="hidden-xs hidden-sm hidden-md"><?php echo $telephone; ?></span></li>

----------------------------------------------------------------------


---------- Date: 2015-08-13 10:11:30 ~ IP : 66.249.79.117 ----------
REQUEST URI : /robots.txt
MOD DETAILS:
   modFile   : /home/dryvrc5/public_html/vqmod/xml/multimerch_core_sellermenu.xml
   id        : MultiMerch Core Seller Menu
   version   : 
   vqmver    : 
   author    : http://multimerch.com/

File Name    : catalog/view/theme/*/template/common/header.tpl(0)
VQModObject::applyMod - SEARCH NOT FOUND (SKIPPED): <li><a href="<?php echo $contact; ?>"><i class="fa fa-phone"></i></a> <span class="hidden-xs hidden-sm hidden-md"><?php echo $telephone; ?></span></li>

----------------------------------------------------------------------


---------- Date: 2015-08-13 10:11:30 ~ IP : 66.249.79.143 ----------
REQUEST URI : /about_us
MOD DETAILS:
   modFile   : /home/dryvrc5/public_html/vqmod/xml/multimerch_core_sellermenu.xml
   id        : MultiMerch Core Seller Menu
   version   : 
   vqmver    : 
   author    : http://multimerch.com/

File Name    : catalog/view/theme/*/template/common/header.tpl(0)
VQModObject::applyMod - SEARCH NOT FOUND (SKIPPED): <li><a href="<?php echo $contact; ?>"><i class="fa fa-phone"></i></a> <span class="hidden-xs hidden-sm hidden-md"><?php echo $telephone; ?></span></li>

----------------------------------------------------------------------


---------- Date: 2015-08-13 10:16:52 ~ IP : 66.249.79.143 ----------
REQUEST URI : /index.php?route=product/product&product_id=112
MOD DETAILS:
   modFile   : /home/dryvrc5/public_html/vqmod/xml/multimerch_core_sellermenu.xml
   id        : MultiMerch Core Seller Menu
   version   : 
   vqmver    : 
   author    : http://multimerch.com/

File Name    : catalog/view/theme/*/template/common/header.tpl(0)
VQModObject::applyMod - SEARCH NOT FOUND (SKIPPED): <li><a href="<?php echo $contact; ?>"><i class="fa fa-phone"></i></a> <span class="hidden-xs hidden-sm hidden-md"><?php echo $telephone; ?></span></li>

----------------------------------------------------------------------


---------- Date: 2015-08-13 10:44:57 ~ IP : 180.76.15.162 ----------
REQUEST URI : /index.php?route=product/listing&make_id=63&limit=25
MOD DETAILS:
   modFile   : /home/dryvrc5/public_html/vqmod/xml/multimerch_core_sellermenu.xml
   id        : MultiMerch Core Seller Menu
   version   : 
   vqmver    : 
   author    : http://multimerch.com/

File Name    : catalog/view/theme/*/template/common/header.tpl(0)
VQModObject::applyMod - SEARCH NOT FOUND (SKIPPED): <li><a href="<?php echo $contact; ?>"><i class="fa fa-phone"></i></a> <span class="hidden-xs hidden-sm hidden-md"><?php echo $telephone; ?></span></li>

----------------------------------------------------------------------


---------- Date: 2015-08-13 10:47:47 ~ IP : 203.186.44.167 ----------
REQUEST URI : /phph/php/ph.php
MOD DETAILS:
   modFile   : /home/dryvrc5/public_html/vqmod/xml/multimerch_core_sellermenu.xml
   id        : MultiMerch Core Seller Menu
   version   : 
   vqmver    : 
   author    : http://multimerch.com/

File Name    : catalog/view/theme/*/template/common/header.tpl(0)
VQModObject::applyMod - SEARCH NOT FOUND (SKIPPED): <li><a href="<?php echo $contact; ?>"><i class="fa fa-phone"></i></a> <span class="hidden-xs hidden-sm hidden-md"><?php echo $telephone; ?></span></li>

----------------------------------------------------------------------


---------- Date: 2015-08-13 10:47:47 ~ IP : 203.186.44.167 ----------
REQUEST URI : /phpMyAdmin/scripts/setup.php
MOD DETAILS:
   modFile   : /home/dryvrc5/public_html/vqmod/xml/multimerch_core_sellermenu.xml
   id        : MultiMerch Core Seller Menu
   version   : 
   vqmver    : 
   author    : http://multimerch.com/

File Name    : catalog/view/theme/*/template/common/header.tpl(0)
VQModObject::applyMod - SEARCH NOT FOUND (SKIPPED): <li><a href="<?php echo $contact; ?>"><i class="fa fa-phone"></i></a> <span class="hidden-xs hidden-sm hidden-md"><?php echo $telephone; ?></span></li>

----------------------------------------------------------------------


---------- Date: 2015-08-13 10:47:48 ~ IP : 203.186.44.167 ----------
REQUEST URI : /pma/scripts/setup.php
MOD DETAILS:
   modFile   : /home/dryvrc5/public_html/vqmod/xml/multimerch_core_sellermenu.xml
   id        : MultiMerch Core Seller Menu
   version   : 
   vqmver    : 
   author    : http://multimerch.com/

File Name    : catalog/view/theme/*/template/common/header.tpl(0)
VQModObject::applyMod - SEARCH NOT FOUND (SKIPPED): <li><a href="<?php echo $contact; ?>"><i class="fa fa-phone"></i></a> <span class="hidden-xs hidden-sm hidden-md"><?php echo $telephone; ?></span></li>

----------------------------------------------------------------------


---------- Date: 2015-08-13 10:47:49 ~ IP : 203.186.44.167 ----------
REQUEST URI : /myadmin/scripts/setup.php
MOD DETAILS:
   modFile   : /home/dryvrc5/public_html/vqmod/xml/multimerch_core_sellermenu.xml
   id        : MultiMerch Core Seller Menu
   version   : 
   vqmver    : 
   author    : http://multimerch.com/

File Name    : catalog/view/theme/*/template/common/header.tpl(0)
VQModObject::applyMod - SEARCH NOT FOUND (SKIPPED): <li><a href="<?php echo $contact; ?>"><i class="fa fa-phone"></i></a> <span class="hidden-xs hidden-sm hidden-md"><?php echo $telephone; ?></span></li>

----------------------------------------------------------------------


---------- Date: 2015-08-13 10:49:18 ~ IP : 180.76.15.15 ----------
REQUEST URI : /
MOD DETAILS:
   modFile   : /home/dryvrc5/public_html/vqmod/xml/multimerch_core_sellermenu.xml
   id        : MultiMerch Core Seller Menu
   version   : 
   vqmver    : 
   author    : http://multimerch.com/

File Name    : catalog/view/theme/*/template/common/header.tpl(0)
VQModObject::applyMod - SEARCH NOT FOUND (SKIPPED): <li><a href="<?php echo $contact; ?>"><i class="fa fa-phone"></i></a> <span class="hidden-xs hidden-sm hidden-md"><?php echo $telephone; ?></span></li>

----------------------------------------------------------------------


---------- Date: 2015-08-13 10:49:32 ~ IP : 180.76.15.29 ----------
REQUEST URI : /
MOD DETAILS:
   modFile   : /home/dryvrc5/public_html/vqmod/xml/multimerch_core_sellermenu.xml
   id        : MultiMerch Core Seller Menu
   version   : 
   vqmver    : 
   author    : http://multimerch.com/

File Name    : catalog/view/theme/*/template/common/header.tpl(0)
VQModObject::applyMod - SEARCH NOT FOUND (SKIPPED): <li><a href="<?php echo $contact; ?>"><i class="fa fa-phone"></i></a> <span class="hidden-xs hidden-sm hidden-md"><?php echo $telephone; ?></span></li>

----------------------------------------------------------------------


---------- Date: 2015-08-13 10:59:57 ~ IP : 180.76.15.156 ----------
REQUEST URI : /index.php?route=product/listing&make_id=192&sort=p.daily&order=DESC&limit=50&sort=p.daily&order=DESC
MOD DETAILS:
   modFile   : /home/dryvrc5/public_html/vqmod/xml/multimerch_core_sellermenu.xml
   id        : MultiMerch Core Seller Menu
   version   : 
   vqmver    : 
   author    : http://multimerch.com/

File Name    : catalog/view/theme/*/template/common/header.tpl(0)
VQModObject::applyMod - SEARCH NOT FOUND (SKIPPED): <li><a href="<?php echo $contact; ?>"><i class="fa fa-phone"></i></a> <span class="hidden-xs hidden-sm hidden-md"><?php echo $telephone; ?></span></li>

----------------------------------------------------------------------


---------- Date: 2015-08-13 11:32:40 ~ IP : 66.249.79.117 ----------
REQUEST URI : /index.php?route=product/product&product_id=182
MOD DETAILS:
   modFile   : /home/dryvrc5/public_html/vqmod/xml/multimerch_core_sellermenu.xml
   id        : MultiMerch Core Seller Menu
   version   : 
   vqmver    : 
   author    : http://multimerch.com/

File Name    : catalog/view/theme/*/template/common/header.tpl(0)
VQModObject::applyMod - SEARCH NOT FOUND (SKIPPED): <li><a href="<?php echo $contact; ?>"><i class="fa fa-phone"></i></a> <span class="hidden-xs hidden-sm hidden-md"><?php echo $telephone; ?></span></li>

----------------------------------------------------------------------


---------- Date: 2015-08-13 12:05:37 ~ IP : 180.76.15.156 ----------
REQUEST URI : /index.php?route=product/listing&make_id=124&limit=50&sort=p.daily&order=ASC
MOD DETAILS:
   modFile   : /home/dryvrc5/public_html/vqmod/xml/multimerch_core_sellermenu.xml
   id        : MultiMerch Core Seller Menu
   version   : 
   vqmver    : 
   author    : http://multimerch.com/

File Name    : catalog/view/theme/*/template/common/header.tpl(0)
VQModObject::applyMod - SEARCH NOT FOUND (SKIPPED): <li><a href="<?php echo $contact; ?>"><i class="fa fa-phone"></i></a> <span class="hidden-xs hidden-sm hidden-md"><?php echo $telephone; ?></span></li>

----------------------------------------------------------------------


---------- Date: 2015-08-13 12:29:34 ~ IP : 180.76.15.148 ----------
REQUEST URI : /
MOD DETAILS:
   modFile   : /home/dryvrc5/public_html/vqmod/xml/multimerch_core_sellermenu.xml
   id        : MultiMerch Core Seller Menu
   version   : 
   vqmver    : 
   author    : http://multimerch.com/

File Name    : catalog/view/theme/*/template/common/header.tpl(0)
VQModObject::applyMod - SEARCH NOT FOUND (SKIPPED): <li><a href="<?php echo $contact; ?>"><i class="fa fa-phone"></i></a> <span class="hidden-xs hidden-sm hidden-md"><?php echo $telephone; ?></span></li>

----------------------------------------------------------------------


---------- Date: 2015-08-13 12:30:57 ~ IP : 180.76.15.12 ----------
REQUEST URI : /
MOD DETAILS:
   modFile   : /home/dryvrc5/public_html/vqmod/xml/multimerch_core_sellermenu.xml
   id        : MultiMerch Core Seller Menu
   version   : 
   vqmver    : 
   author    : http://multimerch.com/

File Name    : catalog/view/theme/*/template/common/header.tpl(0)
VQModObject::applyMod - SEARCH NOT FOUND (SKIPPED): <li><a href="<?php echo $contact; ?>"><i class="fa fa-phone"></i></a> <span class="hidden-xs hidden-sm hidden-md"><?php echo $telephone; ?></span></li>

----------------------------------------------------------------------


---------- Date: 2015-08-13 12:44:50 ~ IP : 180.76.15.138 ----------
REQUEST URI : /
MOD DETAILS:
   modFile   : /home/dryvrc5/public_html/vqmod/xml/multimerch_core_sellermenu.xml
   id        : MultiMerch Core Seller Menu
   version   : 
   vqmver    : 
   author    : http://multimerch.com/

File Name    : catalog/view/theme/*/template/common/header.tpl(0)
VQModObject::applyMod - SEARCH NOT FOUND (SKIPPED): <li><a href="<?php echo $contact; ?>"><i class="fa fa-phone"></i></a> <span class="hidden-xs hidden-sm hidden-md"><?php echo $telephone; ?></span></li>

----------------------------------------------------------------------


---------- Date: 2015-08-13 12:45:08 ~ IP : 180.76.15.25 ----------
REQUEST URI : /
MOD DETAILS:
   modFile   : /home/dryvrc5/public_html/vqmod/xml/multimerch_core_sellermenu.xml
   id        : MultiMerch Core Seller Menu
   version   : 
   vqmver    : 
   author    : http://multimerch.com/

File Name    : catalog/view/theme/*/template/common/header.tpl(0)
VQModObject::applyMod - SEARCH NOT FOUND (SKIPPED): <li><a href="<?php echo $contact; ?>"><i class="fa fa-phone"></i></a> <span class="hidden-xs hidden-sm hidden-md"><?php echo $telephone; ?></span></li>

----------------------------------------------------------------------


---------- Date: 2015-08-13 12:48:26 ~ IP : 66.249.65.188 ----------
REQUEST URI : /robots.txt
MOD DETAILS:
   modFile   : /home/dryvrc5/public_html/vqmod/xml/multimerch_core_sellermenu.xml
   id        : MultiMerch Core Seller Menu
   version   : 
   vqmver    : 
   author    : http://multimerch.com/

File Name    : catalog/view/theme/*/template/common/header.tpl(0)
VQModObject::applyMod - SEARCH NOT FOUND (SKIPPED): <li><a href="<?php echo $contact; ?>"><i class="fa fa-phone"></i></a> <span class="hidden-xs hidden-sm hidden-md"><?php echo $telephone; ?></span></li>

----------------------------------------------------------------------


---------- Date: 2015-08-13 12:48:27 ~ IP : 66.249.65.188 ----------
REQUEST URI : /index.php?route=product/product&product_id=186
MOD DETAILS:
   modFile   : /home/dryvrc5/public_html/vqmod/xml/multimerch_core_sellermenu.xml
   id        : MultiMerch Core Seller Menu
   version   : 
   vqmver    : 
   author    : http://multimerch.com/

File Name    : catalog/view/theme/*/template/common/header.tpl(0)
VQModObject::applyMod - SEARCH NOT FOUND (SKIPPED): <li><a href="<?php echo $contact; ?>"><i class="fa fa-phone"></i></a> <span class="hidden-xs hidden-sm hidden-md"><?php echo $telephone; ?></span></li>

----------------------------------------------------------------------


---------- Date: 2015-08-13 13:31:47 ~ IP : 180.76.15.152 ----------
REQUEST URI : /index.php?route=product/listing&city_id=6&limit=50
MOD DETAILS:
   modFile   : /home/dryvrc5/public_html/vqmod/xml/multimerch_core_sellermenu.xml
   id        : MultiMerch Core Seller Menu
   version   : 
   vqmver    : 
   author    : http://multimerch.com/

File Name    : catalog/view/theme/*/template/common/header.tpl(0)
VQModObject::applyMod - SEARCH NOT FOUND (SKIPPED): <li><a href="<?php echo $contact; ?>"><i class="fa fa-phone"></i></a> <span class="hidden-xs hidden-sm hidden-md"><?php echo $telephone; ?></span></li>

----------------------------------------------------------------------


---------- Date: 2015-08-13 14:03:00 ~ IP : 180.76.15.134 ----------
REQUEST URI : /
MOD DETAILS:
   modFile   : /home/dryvrc5/public_html/vqmod/xml/multimerch_core_sellermenu.xml
   id        : MultiMerch Core Seller Menu
   version   : 
   vqmver    : 
   author    : http://multimerch.com/

File Name    : catalog/view/theme/*/template/common/header.tpl(0)
VQModObject::applyMod - SEARCH NOT FOUND (SKIPPED): <li><a href="<?php echo $contact; ?>"><i class="fa fa-phone"></i></a> <span class="hidden-xs hidden-sm hidden-md"><?php echo $telephone; ?></span></li>

----------------------------------------------------------------------


---------- Date: 2015-08-13 14:04:13 ~ IP : 66.249.65.174 ----------
REQUEST URI : /index.php?route=product/product&product_id=116
MOD DETAILS:
   modFile   : /home/dryvrc5/public_html/vqmod/xml/multimerch_core_sellermenu.xml
   id        : MultiMerch Core Seller Menu
   version   : 
   vqmver    : 
   author    : http://multimerch.com/

File Name    : catalog/view/theme/*/template/common/header.tpl(0)
VQModObject::applyMod - SEARCH NOT FOUND (SKIPPED): <li><a href="<?php echo $contact; ?>"><i class="fa fa-phone"></i></a> <span class="hidden-xs hidden-sm hidden-md"><?php echo $telephone; ?></span></li>

----------------------------------------------------------------------


---------- Date: 2015-08-13 14:04:28 ~ IP : 180.76.15.17 ----------
REQUEST URI : /
MOD DETAILS:
   modFile   : /home/dryvrc5/public_html/vqmod/xml/multimerch_core_sellermenu.xml
   id        : MultiMerch Core Seller Menu
   version   : 
   vqmver    : 
   author    : http://multimerch.com/

File Name    : catalog/view/theme/*/template/common/header.tpl(0)
VQModObject::applyMod - SEARCH NOT FOUND (SKIPPED): <li><a href="<?php echo $contact; ?>"><i class="fa fa-phone"></i></a> <span class="hidden-xs hidden-sm hidden-md"><?php echo $telephone; ?></span></li>

----------------------------------------------------------------------


---------- Date: 2015-08-13 14:21:30 ~ IP : 180.76.15.163 ----------
REQUEST URI : /index.php?route=product/listing&city_id=6&limit=75
MOD DETAILS:
   modFile   : /home/dryvrc5/public_html/vqmod/xml/multimerch_core_sellermenu.xml
   id        : MultiMerch Core Seller Menu
   version   : 
   vqmver    : 
   author    : http://multimerch.com/

File Name    : catalog/view/theme/*/template/common/header.tpl(0)
VQModObject::applyMod - SEARCH NOT FOUND (SKIPPED): <li><a href="<?php echo $contact; ?>"><i class="fa fa-phone"></i></a> <span class="hidden-xs hidden-sm hidden-md"><?php echo $telephone; ?></span></li>

----------------------------------------------------------------------


---------- Date: 2015-08-13 15:06:29 ~ IP : 54.185.30.253 ----------
REQUEST URI : http://www.wikipedia.org/
MOD DETAILS:
   modFile   : /home/dryvrc5/public_html/vqmod/xml/multimerch_core_sellermenu.xml
   id        : MultiMerch Core Seller Menu
   version   : 
   vqmver    : 
   author    : http://multimerch.com/

File Name    : catalog/view/theme/*/template/common/header.tpl(0)
VQModObject::applyMod - SEARCH NOT FOUND (SKIPPED): <li><a href="<?php echo $contact; ?>"><i class="fa fa-phone"></i></a> <span class="hidden-xs hidden-sm hidden-md"><?php echo $telephone; ?></span></li>

----------------------------------------------------------------------


---------- Date: 2015-08-13 15:20:01 ~ IP : 66.249.65.181 ----------
REQUEST URI : /index.php?route=product/product&product_id=201
MOD DETAILS:
   modFile   : /home/dryvrc5/public_html/vqmod/xml/multimerch_core_sellermenu.xml
   id        : MultiMerch Core Seller Menu
   version   : 
   vqmver    : 
   author    : http://multimerch.com/

File Name    : catalog/view/theme/*/template/common/header.tpl(0)
VQModObject::applyMod - SEARCH NOT FOUND (SKIPPED): <li><a href="<?php echo $contact; ?>"><i class="fa fa-phone"></i></a> <span class="hidden-xs hidden-sm hidden-md"><?php echo $telephone; ?></span></li>

----------------------------------------------------------------------


---------- Date: 2015-08-13 15:42:57 ~ IP : 66.249.90.95 ----------
REQUEST URI : /
MOD DETAILS:
   modFile   : /home/dryvrc5/public_html/vqmod/xml/multimerch_core_sellermenu.xml
   id        : MultiMerch Core Seller Menu
   version   : 
   vqmver    : 
   author    : http://multimerch.com/

File Name    : catalog/view/theme/*/template/common/header.tpl(0)
VQModObject::applyMod - SEARCH NOT FOUND (SKIPPED): <li><a href="<?php echo $contact; ?>"><i class="fa fa-phone"></i></a> <span class="hidden-xs hidden-sm hidden-md"><?php echo $telephone; ?></span></li>

----------------------------------------------------------------------


---------- Date: 2015-08-13 15:45:59 ~ IP : 66.249.90.99 ----------
REQUEST URI : /
MOD DETAILS:
   modFile   : /home/dryvrc5/public_html/vqmod/xml/multimerch_core_sellermenu.xml
   id        : MultiMerch Core Seller Menu
   version   : 
   vqmver    : 
   author    : http://multimerch.com/

File Name    : catalog/view/theme/*/template/common/header.tpl(0)
VQModObject::applyMod - SEARCH NOT FOUND (SKIPPED): <li><a href="<?php echo $contact; ?>"><i class="fa fa-phone"></i></a> <span class="hidden-xs hidden-sm hidden-md"><?php echo $telephone; ?></span></li>

----------------------------------------------------------------------


---------- Date: 2015-08-13 15:59:41 ~ IP : 180.76.15.144 ----------
REQUEST URI : /index.php?route=product/listing&make_id=60
MOD DETAILS:
   modFile   : /home/dryvrc5/public_html/vqmod/xml/multimerch_core_sellermenu.xml
   id        : MultiMerch Core Seller Menu
   version   : 
   vqmver    : 
   author    : http://multimerch.com/

File Name    : catalog/view/theme/*/template/common/header.tpl(0)
VQModObject::applyMod - SEARCH NOT FOUND (SKIPPED): <li><a href="<?php echo $contact; ?>"><i class="fa fa-phone"></i></a> <span class="hidden-xs hidden-sm hidden-md"><?php echo $telephone; ?></span></li>

----------------------------------------------------------------------


---------- Date: 2015-08-13 16:01:14 ~ IP : 180.76.15.136 ----------
REQUEST URI : /
MOD DETAILS:
   modFile   : /home/dryvrc5/public_html/vqmod/xml/multimerch_core_sellermenu.xml
   id        : MultiMerch Core Seller Menu
   version   : 
   vqmver    : 
   author    : http://multimerch.com/

File Name    : catalog/view/theme/*/template/common/header.tpl(0)
VQModObject::applyMod - SEARCH NOT FOUND (SKIPPED): <li><a href="<?php echo $contact; ?>"><i class="fa fa-phone"></i></a> <span class="hidden-xs hidden-sm hidden-md"><?php echo $telephone; ?></span></li>

----------------------------------------------------------------------


---------- Date: 2015-08-13 16:02:44 ~ IP : 180.76.15.139 ----------
REQUEST URI : /
MOD DETAILS:
   modFile   : /home/dryvrc5/public_html/vqmod/xml/multimerch_core_sellermenu.xml
   id        : MultiMerch Core Seller Menu
   version   : 
   vqmver    : 
   author    : http://multimerch.com/

File Name    : catalog/view/theme/*/template/common/header.tpl(0)
VQModObject::applyMod - SEARCH NOT FOUND (SKIPPED): <li><a href="<?php echo $contact; ?>"><i class="fa fa-phone"></i></a> <span class="hidden-xs hidden-sm hidden-md"><?php echo $telephone; ?></span></li>

----------------------------------------------------------------------


---------- Date: 2015-08-13 16:14:41 ~ IP : 180.76.15.163 ----------
REQUEST URI : /index.php?route=product/product&product_id=173
MOD DETAILS:
   modFile   : /home/dryvrc5/public_html/vqmod/xml/multimerch_core_sellermenu.xml
   id        : MultiMerch Core Seller Menu
   version   : 
   vqmver    : 
   author    : http://multimerch.com/

File Name    : catalog/view/theme/*/template/common/header.tpl(0)
VQModObject::applyMod - SEARCH NOT FOUND (SKIPPED): <li><a href="<?php echo $contact; ?>"><i class="fa fa-phone"></i></a> <span class="hidden-xs hidden-sm hidden-md"><?php echo $telephone; ?></span></li>

----------------------------------------------------------------------


---------- Date: 2015-08-13 16:28:26 ~ IP : 180.76.15.143 ----------
REQUEST URI : /
MOD DETAILS:
   modFile   : /home/dryvrc5/public_html/vqmod/xml/multimerch_core_sellermenu.xml
   id        : MultiMerch Core Seller Menu
   version   : 
   vqmver    : 
   author    : http://multimerch.com/

File Name    : catalog/view/theme/*/template/common/header.tpl(0)
VQModObject::applyMod - SEARCH NOT FOUND (SKIPPED): <li><a href="<?php echo $contact; ?>"><i class="fa fa-phone"></i></a> <span class="hidden-xs hidden-sm hidden-md"><?php echo $telephone; ?></span></li>

----------------------------------------------------------------------


---------- Date: 2015-08-13 16:28:42 ~ IP : 180.76.15.154 ----------
REQUEST URI : /
MOD DETAILS:
   modFile   : /home/dryvrc5/public_html/vqmod/xml/multimerch_core_sellermenu.xml
   id        : MultiMerch Core Seller Menu
   version   : 
   vqmver    : 
   author    : http://multimerch.com/

File Name    : catalog/view/theme/*/template/common/header.tpl(0)
VQModObject::applyMod - SEARCH NOT FOUND (SKIPPED): <li><a href="<?php echo $contact; ?>"><i class="fa fa-phone"></i></a> <span class="hidden-xs hidden-sm hidden-md"><?php echo $telephone; ?></span></li>

----------------------------------------------------------------------


---------- Date: 2015-08-13 16:29:41 ~ IP : 180.76.15.149 ----------
REQUEST URI : /index.php?route=product/listing&make_id=252&limit=30
MOD DETAILS:
   modFile   : /home/dryvrc5/public_html/vqmod/xml/multimerch_core_sellermenu.xml
   id        : MultiMerch Core Seller Menu
   version   : 
   vqmver    : 
   author    : http://multimerch.com/

File Name    : catalog/view/theme/*/template/common/header.tpl(0)
VQModObject::applyMod - SEARCH NOT FOUND (SKIPPED): <li><a href="<?php echo $contact; ?>"><i class="fa fa-phone"></i></a> <span class="hidden-xs hidden-sm hidden-md"><?php echo $telephone; ?></span></li>

----------------------------------------------------------------------


---------- Date: 2015-08-13 16:35:47 ~ IP : 66.249.65.188 ----------
REQUEST URI : /index.php?route=product/product&product_id=104
MOD DETAILS:
   modFile   : /home/dryvrc5/public_html/vqmod/xml/multimerch_core_sellermenu.xml
   id        : MultiMerch Core Seller Menu
   version   : 
   vqmver    : 
   author    : http://multimerch.com/

File Name    : catalog/view/theme/*/template/common/header.tpl(0)
VQModObject::applyMod - SEARCH NOT FOUND (SKIPPED): <li><a href="<?php echo $contact; ?>"><i class="fa fa-phone"></i></a> <span class="hidden-xs hidden-sm hidden-md"><?php echo $telephone; ?></span></li>

----------------------------------------------------------------------


---------- Date: 2015-08-13 16:44:41 ~ IP : 180.76.15.150 ----------
REQUEST URI : /index.php?route=product/listing&make_id=139&sort=p.daily&order=DESC&limit=25
MOD DETAILS:
   modFile   : /home/dryvrc5/public_html/vqmod/xml/multimerch_core_sellermenu.xml
   id        : MultiMerch Core Seller Menu
   version   : 
   vqmver    : 
   author    : http://multimerch.com/

File Name    : catalog/view/theme/*/template/common/header.tpl(0)
VQModObject::applyMod - SEARCH NOT FOUND (SKIPPED): <li><a href="<?php echo $contact; ?>"><i class="fa fa-phone"></i></a> <span class="hidden-xs hidden-sm hidden-md"><?php echo $telephone; ?></span></li>

----------------------------------------------------------------------


---------- Date: 2015-08-13 16:59:41 ~ IP : 180.76.15.152 ----------
REQUEST URI : /index.php?route=product/listing&city_id=6&limit=30&sort=p.daily&order=DESC
MOD DETAILS:
   modFile   : /home/dryvrc5/public_html/vqmod/xml/multimerch_core_sellermenu.xml
   id        : MultiMerch Core Seller Menu
   version   : 
   vqmver    : 
   author    : http://multimerch.com/

File Name    : catalog/view/theme/*/template/common/header.tpl(0)
VQModObject::applyMod - SEARCH NOT FOUND (SKIPPED): <li><a href="<?php echo $contact; ?>"><i class="fa fa-phone"></i></a> <span class="hidden-xs hidden-sm hidden-md"><?php echo $telephone; ?></span></li>

----------------------------------------------------------------------


---------- Date: 2015-08-13 17:29:41 ~ IP : 180.76.15.150 ----------
REQUEST URI : /index.php?route=product/listing&make_id=191&limit=30
MOD DETAILS:
   modFile   : /home/dryvrc5/public_html/vqmod/xml/multimerch_core_sellermenu.xml
   id        : MultiMerch Core Seller Menu
   version   : 
   vqmver    : 
   author    : http://multimerch.com/

File Name    : catalog/view/theme/*/template/common/header.tpl(0)
VQModObject::applyMod - SEARCH NOT FOUND (SKIPPED): <li><a href="<?php echo $contact; ?>"><i class="fa fa-phone"></i></a> <span class="hidden-xs hidden-sm hidden-md"><?php echo $telephone; ?></span></li>

----------------------------------------------------------------------


---------- Date: 2015-08-13 17:51:34 ~ IP : 66.249.65.174 ----------
REQUEST URI : /index.php?route=product/product&product_id=183
MOD DETAILS:
   modFile   : /home/dryvrc5/public_html/vqmod/xml/multimerch_core_sellermenu.xml
   id        : MultiMerch Core Seller Menu
   version   : 
   vqmver    : 
   author    : http://multimerch.com/

File Name    : catalog/view/theme/*/template/common/header.tpl(0)
VQModObject::applyMod - SEARCH NOT FOUND (SKIPPED): <li><a href="<?php echo $contact; ?>"><i class="fa fa-phone"></i></a> <span class="hidden-xs hidden-sm hidden-md"><?php echo $telephone; ?></span></li>

----------------------------------------------------------------------


---------- Date: 2015-08-13 17:59:41 ~ IP : 180.76.15.138 ----------
REQUEST URI : /index.php?route=product/listing&make_id=63&limit=50
MOD DETAILS:
   modFile   : /home/dryvrc5/public_html/vqmod/xml/multimerch_core_sellermenu.xml
   id        : MultiMerch Core Seller Menu
   version   : 
   vqmver    : 
   author    : http://multimerch.com/

File Name    : catalog/view/theme/*/template/common/header.tpl(0)
VQModObject::applyMod - SEARCH NOT FOUND (SKIPPED): <li><a href="<?php echo $contact; ?>"><i class="fa fa-phone"></i></a> <span class="hidden-xs hidden-sm hidden-md"><?php echo $telephone; ?></span></li>

----------------------------------------------------------------------


---------- Date: 2015-08-13 18:01:34 ~ IP : 180.76.15.162 ----------
REQUEST URI : /
MOD DETAILS:
   modFile   : /home/dryvrc5/public_html/vqmod/xml/multimerch_core_sellermenu.xml
   id        : MultiMerch Core Seller Menu
   version   : 
   vqmver    : 
   author    : http://multimerch.com/

File Name    : catalog/view/theme/*/template/common/header.tpl(0)
VQModObject::applyMod - SEARCH NOT FOUND (SKIPPED): <li><a href="<?php echo $contact; ?>"><i class="fa fa-phone"></i></a> <span class="hidden-xs hidden-sm hidden-md"><?php echo $telephone; ?></span></li>

----------------------------------------------------------------------


---------- Date: 2015-08-13 18:03:04 ~ IP : 180.76.15.138 ----------
REQUEST URI : /
MOD DETAILS:
   modFile   : /home/dryvrc5/public_html/vqmod/xml/multimerch_core_sellermenu.xml
   id        : MultiMerch Core Seller Menu
   version   : 
   vqmver    : 
   author    : http://multimerch.com/

File Name    : catalog/view/theme/*/template/common/header.tpl(0)
VQModObject::applyMod - SEARCH NOT FOUND (SKIPPED): <li><a href="<?php echo $contact; ?>"><i class="fa fa-phone"></i></a> <span class="hidden-xs hidden-sm hidden-md"><?php echo $telephone; ?></span></li>

----------------------------------------------------------------------


---------- Date: 2015-08-13 18:05:39 ~ IP : 69.171.227.113 ----------
REQUEST URI : /
MOD DETAILS:
   modFile   : /home/dryvrc5/public_html/vqmod/xml/multimerch_core_sellermenu.xml
   id        : MultiMerch Core Seller Menu
   version   : 
   vqmver    : 
   author    : http://multimerch.com/

File Name    : catalog/view/theme/*/template/common/header.tpl(0)
VQModObject::applyMod - SEARCH NOT FOUND (SKIPPED): <li><a href="<?php echo $contact; ?>"><i class="fa fa-phone"></i></a> <span class="hidden-xs hidden-sm hidden-md"><?php echo $telephone; ?></span></li>

----------------------------------------------------------------------


---------- Date: 2015-08-13 18:29:11 ~ IP : 180.76.15.8 ----------
REQUEST URI : /
MOD DETAILS:
   modFile   : /home/dryvrc5/public_html/vqmod/xml/multimerch_core_sellermenu.xml
   id        : MultiMerch Core Seller Menu
   version   : 
   vqmver    : 
   author    : http://multimerch.com/

File Name    : catalog/view/theme/*/template/common/header.tpl(0)
VQModObject::applyMod - SEARCH NOT FOUND (SKIPPED): <li><a href="<?php echo $contact; ?>"><i class="fa fa-phone"></i></a> <span class="hidden-xs hidden-sm hidden-md"><?php echo $telephone; ?></span></li>

----------------------------------------------------------------------


---------- Date: 2015-08-13 18:29:29 ~ IP : 180.76.15.33 ----------
REQUEST URI : /
MOD DETAILS:
   modFile   : /home/dryvrc5/public_html/vqmod/xml/multimerch_core_sellermenu.xml
   id        : MultiMerch Core Seller Menu
   version   : 
   vqmver    : 
   author    : http://multimerch.com/

File Name    : catalog/view/theme/*/template/common/header.tpl(0)
VQModObject::applyMod - SEARCH NOT FOUND (SKIPPED): <li><a href="<?php echo $contact; ?>"><i class="fa fa-phone"></i></a> <span class="hidden-xs hidden-sm hidden-md"><?php echo $telephone; ?></span></li>

----------------------------------------------------------------------


---------- Date: 2015-08-13 19:07:37 ~ IP : 66.249.65.174 ----------
REQUEST URI : /index.php?route=product/product&product_id=190
MOD DETAILS:
   modFile   : /home/dryvrc5/public_html/vqmod/xml/multimerch_core_sellermenu.xml
   id        : MultiMerch Core Seller Menu
   version   : 
   vqmver    : 
   author    : http://multimerch.com/

File Name    : catalog/view/theme/*/template/common/header.tpl(0)
VQModObject::applyMod - SEARCH NOT FOUND (SKIPPED): <li><a href="<?php echo $contact; ?>"><i class="fa fa-phone"></i></a> <span class="hidden-xs hidden-sm hidden-md"><?php echo $telephone; ?></span></li>

----------------------------------------------------------------------


---------- Date: 2015-08-13 19:08:41 ~ IP : 94.102.49.54 ----------
REQUEST URI : /
MOD DETAILS:
   modFile   : /home/dryvrc5/public_html/vqmod/xml/multimerch_core_sellermenu.xml
   id        : MultiMerch Core Seller Menu
   version   : 
   vqmver    : 
   author    : http://multimerch.com/

File Name    : catalog/view/theme/*/template/common/header.tpl(0)
VQModObject::applyMod - SEARCH NOT FOUND (SKIPPED): <li><a href="<?php echo $contact; ?>"><i class="fa fa-phone"></i></a> <span class="hidden-xs hidden-sm hidden-md"><?php echo $telephone; ?></span></li>

----------------------------------------------------------------------


---------- Date: 2015-08-13 19:14:01 ~ IP : 69.64.46.86 ----------
REQUEST URI : /cgi-bin/rtpd.cgi
MOD DETAILS:
   modFile   : /home/dryvrc5/public_html/vqmod/xml/multimerch_core_sellermenu.xml
   id        : MultiMerch Core Seller Menu
   version   : 
   vqmver    : 
   author    : http://multimerch.com/

File Name    : catalog/view/theme/*/template/common/header.tpl(0)
VQModObject::applyMod - SEARCH NOT FOUND (SKIPPED): <li><a href="<?php echo $contact; ?>"><i class="fa fa-phone"></i></a> <span class="hidden-xs hidden-sm hidden-md"><?php echo $telephone; ?></span></li>

----------------------------------------------------------------------


---------- Date: 2015-08-13 19:57:26 ~ IP : 180.76.15.140 ----------
REQUEST URI : /
MOD DETAILS:
   modFile   : /home/dryvrc5/public_html/vqmod/xml/multimerch_core_sellermenu.xml
   id        : MultiMerch Core Seller Menu
   version   : 
   vqmver    : 
   author    : http://multimerch.com/

File Name    : catalog/view/theme/*/template/common/header.tpl(0)
VQModObject::applyMod - SEARCH NOT FOUND (SKIPPED): <li><a href="<?php echo $contact; ?>"><i class="fa fa-phone"></i></a> <span class="hidden-xs hidden-sm hidden-md"><?php echo $telephone; ?></span></li>

----------------------------------------------------------------------


---------- Date: 2015-08-13 19:58:44 ~ IP : 180.76.15.26 ----------
REQUEST URI : /
MOD DETAILS:
   modFile   : /home/dryvrc5/public_html/vqmod/xml/multimerch_core_sellermenu.xml
   id        : MultiMerch Core Seller Menu
   version   : 
   vqmver    : 
   author    : http://multimerch.com/

File Name    : catalog/view/theme/*/template/common/header.tpl(0)
VQModObject::applyMod - SEARCH NOT FOUND (SKIPPED): <li><a href="<?php echo $contact; ?>"><i class="fa fa-phone"></i></a> <span class="hidden-xs hidden-sm hidden-md"><?php echo $telephone; ?></span></li>

----------------------------------------------------------------------


---------- Date: 2015-08-13 20:23:09 ~ IP : 66.249.65.174 ----------
REQUEST URI : /index.php?route=product/product&product_id=154
MOD DETAILS:
   modFile   : /home/dryvrc5/public_html/vqmod/xml/multimerch_core_sellermenu.xml
   id        : MultiMerch Core Seller Menu
   version   : 
   vqmver    : 
   author    : http://multimerch.com/

File Name    : catalog/view/theme/*/template/common/header.tpl(0)
VQModObject::applyMod - SEARCH NOT FOUND (SKIPPED): <li><a href="<?php echo $contact; ?>"><i class="fa fa-phone"></i></a> <span class="hidden-xs hidden-sm hidden-md"><?php echo $telephone; ?></span></li>

----------------------------------------------------------------------


---------- Date: 2015-08-13 20:37:37 ~ IP : 180.76.15.10 ----------
REQUEST URI : /
MOD DETAILS:
   modFile   : /home/dryvrc5/public_html/vqmod/xml/multimerch_core_sellermenu.xml
   id        : MultiMerch Core Seller Menu
   version   : 
   vqmver    : 
   author    : http://multimerch.com/

File Name    : catalog/view/theme/*/template/common/header.tpl(0)
VQModObject::applyMod - SEARCH NOT FOUND (SKIPPED): <li><a href="<?php echo $contact; ?>"><i class="fa fa-phone"></i></a> <span class="hidden-xs hidden-sm hidden-md"><?php echo $telephone; ?></span></li>

----------------------------------------------------------------------


---------- Date: 2015-08-13 20:38:04 ~ IP : 180.76.15.26 ----------
REQUEST URI : /
MOD DETAILS:
   modFile   : /home/dryvrc5/public_html/vqmod/xml/multimerch_core_sellermenu.xml
   id        : MultiMerch Core Seller Menu
   version   : 
   vqmver    : 
   author    : http://multimerch.com/

File Name    : catalog/view/theme/*/template/common/header.tpl(0)
VQModObject::applyMod - SEARCH NOT FOUND (SKIPPED): <li><a href="<?php echo $contact; ?>"><i class="fa fa-phone"></i></a> <span class="hidden-xs hidden-sm hidden-md"><?php echo $telephone; ?></span></li>

----------------------------------------------------------------------


---------- Date: 2015-08-13 21:38:56 ~ IP : 66.249.65.174 ----------
REQUEST URI : /index.php?route=product/product&product_id=131
MOD DETAILS:
   modFile   : /home/dryvrc5/public_html/vqmod/xml/multimerch_core_sellermenu.xml
   id        : MultiMerch Core Seller Menu
   version   : 
   vqmver    : 
   author    : http://multimerch.com/

File Name    : catalog/view/theme/*/template/common/header.tpl(0)
VQModObject::applyMod - SEARCH NOT FOUND (SKIPPED): <li><a href="<?php echo $contact; ?>"><i class="fa fa-phone"></i></a> <span class="hidden-xs hidden-sm hidden-md"><?php echo $telephone; ?></span></li>

----------------------------------------------------------------------


---------- Date: 2015-08-13 22:02:07 ~ IP : 180.76.15.142 ----------
REQUEST URI : /index.php?route=product/listing&make_id=61&limit=100&sort=p.daily&order=DESC
MOD DETAILS:
   modFile   : /home/dryvrc5/public_html/vqmod/xml/multimerch_core_sellermenu.xml
   id        : MultiMerch Core Seller Menu
   version   : 
   vqmver    : 
   author    : http://multimerch.com/

File Name    : catalog/view/theme/*/template/common/header.tpl(0)
VQModObject::applyMod - SEARCH NOT FOUND (SKIPPED): <li><a href="<?php echo $contact; ?>"><i class="fa fa-phone"></i></a> <span class="hidden-xs hidden-sm hidden-md"><?php echo $telephone; ?></span></li>

----------------------------------------------------------------------


---------- Date: 2015-08-13 22:04:03 ~ IP : 180.76.15.14 ----------
REQUEST URI : /
MOD DETAILS:
   modFile   : /home/dryvrc5/public_html/vqmod/xml/multimerch_core_sellermenu.xml
   id        : MultiMerch Core Seller Menu
   version   : 
   vqmver    : 
   author    : http://multimerch.com/

File Name    : catalog/view/theme/*/template/common/header.tpl(0)
VQModObject::applyMod - SEARCH NOT FOUND (SKIPPED): <li><a href="<?php echo $contact; ?>"><i class="fa fa-phone"></i></a> <span class="hidden-xs hidden-sm hidden-md"><?php echo $telephone; ?></span></li>

----------------------------------------------------------------------


---------- Date: 2015-08-13 22:05:38 ~ IP : 180.76.15.32 ----------
REQUEST URI : /
MOD DETAILS:
   modFile   : /home/dryvrc5/public_html/vqmod/xml/multimerch_core_sellermenu.xml
   id        : MultiMerch Core Seller Menu
   version   : 
   vqmver    : 
   author    : http://multimerch.com/

File Name    : catalog/view/theme/*/template/common/header.tpl(0)
VQModObject::applyMod - SEARCH NOT FOUND (SKIPPED): <li><a href="<?php echo $contact; ?>"><i class="fa fa-phone"></i></a> <span class="hidden-xs hidden-sm hidden-md"><?php echo $telephone; ?></span></li>

----------------------------------------------------------------------


---------- Date: 2015-08-13 22:17:08 ~ IP : 180.76.15.136 ----------
REQUEST URI : /index.php?route=product/listing&city_id=6&limit=30
MOD DETAILS:
   modFile   : /home/dryvrc5/public_html/vqmod/xml/multimerch_core_sellermenu.xml
   id        : MultiMerch Core Seller Menu
   version   : 
   vqmver    : 
   author    : http://multimerch.com/

File Name    : catalog/view/theme/*/template/common/header.tpl(0)
VQModObject::applyMod - SEARCH NOT FOUND (SKIPPED): <li><a href="<?php echo $contact; ?>"><i class="fa fa-phone"></i></a> <span class="hidden-xs hidden-sm hidden-md"><?php echo $telephone; ?></span></li>

----------------------------------------------------------------------


---------- Date: 2015-08-13 22:32:07 ~ IP : 180.76.15.146 ----------
REQUEST URI : /index.php?route=product/listing&make_id=103&limit=50&sort=p.daily&order=DESC
MOD DETAILS:
   modFile   : /home/dryvrc5/public_html/vqmod/xml/multimerch_core_sellermenu.xml
   id        : MultiMerch Core Seller Menu
   version   : 
   vqmver    : 
   author    : http://multimerch.com/

File Name    : catalog/view/theme/*/template/common/header.tpl(0)
VQModObject::applyMod - SEARCH NOT FOUND (SKIPPED): <li><a href="<?php echo $contact; ?>"><i class="fa fa-phone"></i></a> <span class="hidden-xs hidden-sm hidden-md"><?php echo $telephone; ?></span></li>

----------------------------------------------------------------------


---------- Date: 2015-08-13 22:51:48 ~ IP : 180.76.15.18 ----------
REQUEST URI : /
MOD DETAILS:
   modFile   : /home/dryvrc5/public_html/vqmod/xml/multimerch_core_sellermenu.xml
   id        : MultiMerch Core Seller Menu
   version   : 
   vqmver    : 
   author    : http://multimerch.com/

File Name    : catalog/view/theme/*/template/common/header.tpl(0)
VQModObject::applyMod - SEARCH NOT FOUND (SKIPPED): <li><a href="<?php echo $contact; ?>"><i class="fa fa-phone"></i></a> <span class="hidden-xs hidden-sm hidden-md"><?php echo $telephone; ?></span></li>

----------------------------------------------------------------------


---------- Date: 2015-08-13 22:52:02 ~ IP : 180.76.15.154 ----------
REQUEST URI : /
MOD DETAILS:
   modFile   : /home/dryvrc5/public_html/vqmod/xml/multimerch_core_sellermenu.xml
   id        : MultiMerch Core Seller Menu
   version   : 
   vqmver    : 
   author    : http://multimerch.com/

File Name    : catalog/view/theme/*/template/common/header.tpl(0)
VQModObject::applyMod - SEARCH NOT FOUND (SKIPPED): <li><a href="<?php echo $contact; ?>"><i class="fa fa-phone"></i></a> <span class="hidden-xs hidden-sm hidden-md"><?php echo $telephone; ?></span></li>

----------------------------------------------------------------------


---------- Date: 2015-08-13 22:54:42 ~ IP : 66.249.65.181 ----------
REQUEST URI : /index.php?route=product/product&product_id=114
MOD DETAILS:
   modFile   : /home/dryvrc5/public_html/vqmod/xml/multimerch_core_sellermenu.xml
   id        : MultiMerch Core Seller Menu
   version   : 
   vqmver    : 
   author    : http://multimerch.com/

File Name    : catalog/view/theme/*/template/common/header.tpl(0)
VQModObject::applyMod - SEARCH NOT FOUND (SKIPPED): <li><a href="<?php echo $contact; ?>"><i class="fa fa-phone"></i></a> <span class="hidden-xs hidden-sm hidden-md"><?php echo $telephone; ?></span></li>

----------------------------------------------------------------------


---------- Date: 2015-08-13 23:02:08 ~ IP : 180.76.15.147 ----------
REQUEST URI : /index.php?route=product/listing&make_id=124&limit=50&sort=p.daily&order=DESC
MOD DETAILS:
   modFile   : /home/dryvrc5/public_html/vqmod/xml/multimerch_core_sellermenu.xml
   id        : MultiMerch Core Seller Menu
   version   : 
   vqmver    : 
   author    : http://multimerch.com/

File Name    : catalog/view/theme/*/template/common/header.tpl(0)
VQModObject::applyMod - SEARCH NOT FOUND (SKIPPED): <li><a href="<?php echo $contact; ?>"><i class="fa fa-phone"></i></a> <span class="hidden-xs hidden-sm hidden-md"><?php echo $telephone; ?></span></li>

----------------------------------------------------------------------


---------- Date: 2015-08-13 23:32:07 ~ IP : 180.76.15.139 ----------
REQUEST URI : /index.php?route=product/listing&make_id=183&sort=p.daily&order=ASC
MOD DETAILS:
   modFile   : /home/dryvrc5/public_html/vqmod/xml/multimerch_core_sellermenu.xml
   id        : MultiMerch Core Seller Menu
   version   : 
   vqmver    : 
   author    : http://multimerch.com/

File Name    : catalog/view/theme/*/template/common/header.tpl(0)
VQModObject::applyMod - SEARCH NOT FOUND (SKIPPED): <li><a href="<?php echo $contact; ?>"><i class="fa fa-phone"></i></a> <span class="hidden-xs hidden-sm hidden-md"><?php echo $telephone; ?></span></li>

----------------------------------------------------------------------


