---------- Date: 2015-08-14 00:09:18 ~ IP : 118.123.14.86 ----------
REQUEST URI : //wp-login.php
MOD DETAILS:
   modFile   : /home/dryvrc5/public_html/vqmod/xml/multimerch_core_sellermenu.xml
   id        : MultiMerch Core Seller Menu
   version   : 
   vqmver    : 
   author    : http://multimerch.com/

File Name    : catalog/view/theme/*/template/common/header.tpl(0)
VQModObject::applyMod - SEARCH NOT FOUND (SKIPPED): <li><a href="<?php echo $contact; ?>"><i class="fa fa-phone"></i></a> <span class="hidden-xs hidden-sm hidden-md"><?php echo $telephone; ?></span></li>

----------------------------------------------------------------------


---------- Date: 2015-08-14 00:09:26 ~ IP : 118.123.14.86 ----------
REQUEST URI : /blog//wp-login.php
MOD DETAILS:
   modFile   : /home/dryvrc5/public_html/vqmod/xml/multimerch_core_sellermenu.xml
   id        : MultiMerch Core Seller Menu
   version   : 
   vqmver    : 
   author    : http://multimerch.com/

File Name    : catalog/view/theme/*/template/common/header.tpl(0)
VQModObject::applyMod - SEARCH NOT FOUND (SKIPPED): <li><a href="<?php echo $contact; ?>"><i class="fa fa-phone"></i></a> <span class="hidden-xs hidden-sm hidden-md"><?php echo $telephone; ?></span></li>

----------------------------------------------------------------------


---------- Date: 2015-08-14 00:09:27 ~ IP : 118.123.14.86 ----------
REQUEST URI : /wordpress//wp-login.php
MOD DETAILS:
   modFile   : /home/dryvrc5/public_html/vqmod/xml/multimerch_core_sellermenu.xml
   id        : MultiMerch Core Seller Menu
   version   : 
   vqmver    : 
   author    : http://multimerch.com/

File Name    : catalog/view/theme/*/template/common/header.tpl(0)
VQModObject::applyMod - SEARCH NOT FOUND (SKIPPED): <li><a href="<?php echo $contact; ?>"><i class="fa fa-phone"></i></a> <span class="hidden-xs hidden-sm hidden-md"><?php echo $telephone; ?></span></li>

----------------------------------------------------------------------


---------- Date: 2015-08-14 00:09:28 ~ IP : 118.123.14.86 ----------
REQUEST URI : /wp//wp-login.php
MOD DETAILS:
   modFile   : /home/dryvrc5/public_html/vqmod/xml/multimerch_core_sellermenu.xml
   id        : MultiMerch Core Seller Menu
   version   : 
   vqmver    : 
   author    : http://multimerch.com/

File Name    : catalog/view/theme/*/template/common/header.tpl(0)
VQModObject::applyMod - SEARCH NOT FOUND (SKIPPED): <li><a href="<?php echo $contact; ?>"><i class="fa fa-phone"></i></a> <span class="hidden-xs hidden-sm hidden-md"><?php echo $telephone; ?></span></li>

----------------------------------------------------------------------


---------- Date: 2015-08-14 00:10:29 ~ IP : 66.249.65.188 ----------
REQUEST URI : /index.php?route=product/product&product_id=162
MOD DETAILS:
   modFile   : /home/dryvrc5/public_html/vqmod/xml/multimerch_core_sellermenu.xml
   id        : MultiMerch Core Seller Menu
   version   : 
   vqmver    : 
   author    : http://multimerch.com/

File Name    : catalog/view/theme/*/template/common/header.tpl(0)
VQModObject::applyMod - SEARCH NOT FOUND (SKIPPED): <li><a href="<?php echo $contact; ?>"><i class="fa fa-phone"></i></a> <span class="hidden-xs hidden-sm hidden-md"><?php echo $telephone; ?></span></li>

----------------------------------------------------------------------


---------- Date: 2015-08-14 00:12:44 ~ IP : 180.76.15.33 ----------
REQUEST URI : /
MOD DETAILS:
   modFile   : /home/dryvrc5/public_html/vqmod/xml/multimerch_core_sellermenu.xml
   id        : MultiMerch Core Seller Menu
   version   : 
   vqmver    : 
   author    : http://multimerch.com/

File Name    : catalog/view/theme/*/template/common/header.tpl(0)
VQModObject::applyMod - SEARCH NOT FOUND (SKIPPED): <li><a href="<?php echo $contact; ?>"><i class="fa fa-phone"></i></a> <span class="hidden-xs hidden-sm hidden-md"><?php echo $telephone; ?></span></li>

----------------------------------------------------------------------


---------- Date: 2015-08-14 00:14:21 ~ IP : 180.76.15.34 ----------
REQUEST URI : /
MOD DETAILS:
   modFile   : /home/dryvrc5/public_html/vqmod/xml/multimerch_core_sellermenu.xml
   id        : MultiMerch Core Seller Menu
   version   : 
   vqmver    : 
   author    : http://multimerch.com/

File Name    : catalog/view/theme/*/template/common/header.tpl(0)
VQModObject::applyMod - SEARCH NOT FOUND (SKIPPED): <li><a href="<?php echo $contact; ?>"><i class="fa fa-phone"></i></a> <span class="hidden-xs hidden-sm hidden-md"><?php echo $telephone; ?></span></li>

----------------------------------------------------------------------


---------- Date: 2015-08-14 00:58:28 ~ IP : 180.76.15.158 ----------
REQUEST URI : /index.php?route=product/listing&make_id=79&sort=p.daily&order=ASC&limit=30&sort=p.daily&order=ASC
MOD DETAILS:
   modFile   : /home/dryvrc5/public_html/vqmod/xml/multimerch_core_sellermenu.xml
   id        : MultiMerch Core Seller Menu
   version   : 
   vqmver    : 
   author    : http://multimerch.com/

File Name    : catalog/view/theme/*/template/common/header.tpl(0)
VQModObject::applyMod - SEARCH NOT FOUND (SKIPPED): <li><a href="<?php echo $contact; ?>"><i class="fa fa-phone"></i></a> <span class="hidden-xs hidden-sm hidden-md"><?php echo $telephone; ?></span></li>

----------------------------------------------------------------------


---------- Date: 2015-08-14 01:01:45 ~ IP : 180.76.15.29 ----------
REQUEST URI : /
MOD DETAILS:
   modFile   : /home/dryvrc5/public_html/vqmod/xml/multimerch_core_sellermenu.xml
   id        : MultiMerch Core Seller Menu
   version   : 
   vqmver    : 
   author    : http://multimerch.com/

File Name    : catalog/view/theme/*/template/common/header.tpl(0)
VQModObject::applyMod - SEARCH NOT FOUND (SKIPPED): <li><a href="<?php echo $contact; ?>"><i class="fa fa-phone"></i></a> <span class="hidden-xs hidden-sm hidden-md"><?php echo $telephone; ?></span></li>

----------------------------------------------------------------------


---------- Date: 2015-08-14 01:03:11 ~ IP : 180.76.15.161 ----------
REQUEST URI : /
MOD DETAILS:
   modFile   : /home/dryvrc5/public_html/vqmod/xml/multimerch_core_sellermenu.xml
   id        : MultiMerch Core Seller Menu
   version   : 
   vqmver    : 
   author    : http://multimerch.com/

File Name    : catalog/view/theme/*/template/common/header.tpl(0)
VQModObject::applyMod - SEARCH NOT FOUND (SKIPPED): <li><a href="<?php echo $contact; ?>"><i class="fa fa-phone"></i></a> <span class="hidden-xs hidden-sm hidden-md"><?php echo $telephone; ?></span></li>

----------------------------------------------------------------------


---------- Date: 2015-08-14 01:13:28 ~ IP : 180.76.15.163 ----------
REQUEST URI : /
MOD DETAILS:
   modFile   : /home/dryvrc5/public_html/vqmod/xml/multimerch_core_sellermenu.xml
   id        : MultiMerch Core Seller Menu
   version   : 
   vqmver    : 
   author    : http://multimerch.com/

File Name    : catalog/view/theme/*/template/common/header.tpl(0)
VQModObject::applyMod - SEARCH NOT FOUND (SKIPPED): <li><a href="<?php echo $contact; ?>"><i class="fa fa-phone"></i></a> <span class="hidden-xs hidden-sm hidden-md"><?php echo $telephone; ?></span></li>

----------------------------------------------------------------------


---------- Date: 2015-08-14 01:26:16 ~ IP : 66.249.65.188 ----------
REQUEST URI : /robots.txt
MOD DETAILS:
   modFile   : /home/dryvrc5/public_html/vqmod/xml/multimerch_core_sellermenu.xml
   id        : MultiMerch Core Seller Menu
   version   : 
   vqmver    : 
   author    : http://multimerch.com/

File Name    : catalog/view/theme/*/template/common/header.tpl(0)
VQModObject::applyMod - SEARCH NOT FOUND (SKIPPED): <li><a href="<?php echo $contact; ?>"><i class="fa fa-phone"></i></a> <span class="hidden-xs hidden-sm hidden-md"><?php echo $telephone; ?></span></li>

----------------------------------------------------------------------


---------- Date: 2015-08-14 01:26:17 ~ IP : 66.249.65.188 ----------
REQUEST URI : /index.php?route=product/product&product_id=102
MOD DETAILS:
   modFile   : /home/dryvrc5/public_html/vqmod/xml/multimerch_core_sellermenu.xml
   id        : MultiMerch Core Seller Menu
   version   : 
   vqmver    : 
   author    : http://multimerch.com/

File Name    : catalog/view/theme/*/template/common/header.tpl(0)
VQModObject::applyMod - SEARCH NOT FOUND (SKIPPED): <li><a href="<?php echo $contact; ?>"><i class="fa fa-phone"></i></a> <span class="hidden-xs hidden-sm hidden-md"><?php echo $telephone; ?></span></li>

----------------------------------------------------------------------


---------- Date: 2015-08-14 01:55:07 ~ IP : 180.76.15.5 ----------
REQUEST URI : /index.php?route=product/listing&make_id=103&sort=p.daily&order=ASC&limit=50
MOD DETAILS:
   modFile   : /home/dryvrc5/public_html/vqmod/xml/multimerch_core_sellermenu.xml
   id        : MultiMerch Core Seller Menu
   version   : 
   vqmver    : 
   author    : http://multimerch.com/

File Name    : catalog/view/theme/*/template/common/header.tpl(0)
VQModObject::applyMod - SEARCH NOT FOUND (SKIPPED): <li><a href="<?php echo $contact; ?>"><i class="fa fa-phone"></i></a> <span class="hidden-xs hidden-sm hidden-md"><?php echo $telephone; ?></span></li>

----------------------------------------------------------------------


---------- Date: 2015-08-14 02:00:41 ~ IP : 180.76.15.162 ----------
REQUEST URI : /
MOD DETAILS:
   modFile   : /home/dryvrc5/public_html/vqmod/xml/multimerch_core_sellermenu.xml
   id        : MultiMerch Core Seller Menu
   version   : 
   vqmver    : 
   author    : http://multimerch.com/

File Name    : catalog/view/theme/*/template/common/header.tpl(0)
VQModObject::applyMod - SEARCH NOT FOUND (SKIPPED): <li><a href="<?php echo $contact; ?>"><i class="fa fa-phone"></i></a> <span class="hidden-xs hidden-sm hidden-md"><?php echo $telephone; ?></span></li>

----------------------------------------------------------------------


---------- Date: 2015-08-14 02:02:07 ~ IP : 180.76.15.28 ----------
REQUEST URI : /
MOD DETAILS:
   modFile   : /home/dryvrc5/public_html/vqmod/xml/multimerch_core_sellermenu.xml
   id        : MultiMerch Core Seller Menu
   version   : 
   vqmver    : 
   author    : http://multimerch.com/

File Name    : catalog/view/theme/*/template/common/header.tpl(0)
VQModObject::applyMod - SEARCH NOT FOUND (SKIPPED): <li><a href="<?php echo $contact; ?>"><i class="fa fa-phone"></i></a> <span class="hidden-xs hidden-sm hidden-md"><?php echo $telephone; ?></span></li>

----------------------------------------------------------------------


---------- Date: 2015-08-14 02:31:41 ~ IP : 180.76.15.135 ----------
REQUEST URI : /
MOD DETAILS:
   modFile   : /home/dryvrc5/public_html/vqmod/xml/multimerch_core_sellermenu.xml
   id        : MultiMerch Core Seller Menu
   version   : 
   vqmver    : 
   author    : http://multimerch.com/

File Name    : catalog/view/theme/*/template/common/header.tpl(0)
VQModObject::applyMod - SEARCH NOT FOUND (SKIPPED): <li><a href="<?php echo $contact; ?>"><i class="fa fa-phone"></i></a> <span class="hidden-xs hidden-sm hidden-md"><?php echo $telephone; ?></span></li>

----------------------------------------------------------------------


---------- Date: 2015-08-14 02:32:02 ~ IP : 180.76.15.29 ----------
REQUEST URI : /
MOD DETAILS:
   modFile   : /home/dryvrc5/public_html/vqmod/xml/multimerch_core_sellermenu.xml
   id        : MultiMerch Core Seller Menu
   version   : 
   vqmver    : 
   author    : http://multimerch.com/

File Name    : catalog/view/theme/*/template/common/header.tpl(0)
VQModObject::applyMod - SEARCH NOT FOUND (SKIPPED): <li><a href="<?php echo $contact; ?>"><i class="fa fa-phone"></i></a> <span class="hidden-xs hidden-sm hidden-md"><?php echo $telephone; ?></span></li>

----------------------------------------------------------------------


---------- Date: 2015-08-14 02:42:03 ~ IP : 66.249.65.188 ----------
REQUEST URI : /index.php?route=product/product&product_id=159
MOD DETAILS:
   modFile   : /home/dryvrc5/public_html/vqmod/xml/multimerch_core_sellermenu.xml
   id        : MultiMerch Core Seller Menu
   version   : 
   vqmver    : 
   author    : http://multimerch.com/

File Name    : catalog/view/theme/*/template/common/header.tpl(0)
VQModObject::applyMod - SEARCH NOT FOUND (SKIPPED): <li><a href="<?php echo $contact; ?>"><i class="fa fa-phone"></i></a> <span class="hidden-xs hidden-sm hidden-md"><?php echo $telephone; ?></span></li>

----------------------------------------------------------------------


---------- Date: 2015-08-14 02:57:55 ~ IP : 180.76.15.140 ----------
REQUEST URI : /index.php?route=product/listing&make_id=124&sort=p.daily&order=ASC
MOD DETAILS:
   modFile   : /home/dryvrc5/public_html/vqmod/xml/multimerch_core_sellermenu.xml
   id        : MultiMerch Core Seller Menu
   version   : 
   vqmver    : 
   author    : http://multimerch.com/

File Name    : catalog/view/theme/*/template/common/header.tpl(0)
VQModObject::applyMod - SEARCH NOT FOUND (SKIPPED): <li><a href="<?php echo $contact; ?>"><i class="fa fa-phone"></i></a> <span class="hidden-xs hidden-sm hidden-md"><?php echo $telephone; ?></span></li>

----------------------------------------------------------------------


---------- Date: 2015-08-14 03:32:53 ~ IP : 180.76.15.34 ----------
REQUEST URI : /index.php?route=product/listing&make_id=168&sort=p.daily&order=ASC&limit=75&sort=p.daily&order=ASC
MOD DETAILS:
   modFile   : /home/dryvrc5/public_html/vqmod/xml/multimerch_core_sellermenu.xml
   id        : MultiMerch Core Seller Menu
   version   : 
   vqmver    : 
   author    : http://multimerch.com/

File Name    : catalog/view/theme/*/template/common/header.tpl(0)
VQModObject::applyMod - SEARCH NOT FOUND (SKIPPED): <li><a href="<?php echo $contact; ?>"><i class="fa fa-phone"></i></a> <span class="hidden-xs hidden-sm hidden-md"><?php echo $telephone; ?></span></li>

----------------------------------------------------------------------


---------- Date: 2015-08-14 03:47:53 ~ IP : 180.76.15.155 ----------
REQUEST URI : /index.php?route=product/listing&make_id=183&sort=p.daily&order=DESC
MOD DETAILS:
   modFile   : /home/dryvrc5/public_html/vqmod/xml/multimerch_core_sellermenu.xml
   id        : MultiMerch Core Seller Menu
   version   : 
   vqmver    : 
   author    : http://multimerch.com/

File Name    : catalog/view/theme/*/template/common/header.tpl(0)
VQModObject::applyMod - SEARCH NOT FOUND (SKIPPED): <li><a href="<?php echo $contact; ?>"><i class="fa fa-phone"></i></a> <span class="hidden-xs hidden-sm hidden-md"><?php echo $telephone; ?></span></li>

----------------------------------------------------------------------


---------- Date: 2015-08-14 03:57:50 ~ IP : 66.249.65.181 ----------
REQUEST URI : /index.php?route=product/product&product_id=124
MOD DETAILS:
   modFile   : /home/dryvrc5/public_html/vqmod/xml/multimerch_core_sellermenu.xml
   id        : MultiMerch Core Seller Menu
   version   : 
   vqmver    : 
   author    : http://multimerch.com/

File Name    : catalog/view/theme/*/template/common/header.tpl(0)
VQModObject::applyMod - SEARCH NOT FOUND (SKIPPED): <li><a href="<?php echo $contact; ?>"><i class="fa fa-phone"></i></a> <span class="hidden-xs hidden-sm hidden-md"><?php echo $telephone; ?></span></li>

----------------------------------------------------------------------


---------- Date: 2015-08-14 04:00:27 ~ IP : 180.76.15.12 ----------
REQUEST URI : /
MOD DETAILS:
   modFile   : /home/dryvrc5/public_html/vqmod/xml/multimerch_core_sellermenu.xml
   id        : MultiMerch Core Seller Menu
   version   : 
   vqmver    : 
   author    : http://multimerch.com/

File Name    : catalog/view/theme/*/template/common/header.tpl(0)
VQModObject::applyMod - SEARCH NOT FOUND (SKIPPED): <li><a href="<?php echo $contact; ?>"><i class="fa fa-phone"></i></a> <span class="hidden-xs hidden-sm hidden-md"><?php echo $telephone; ?></span></li>

----------------------------------------------------------------------


---------- Date: 2015-08-14 04:01:53 ~ IP : 180.76.15.137 ----------
REQUEST URI : /
MOD DETAILS:
   modFile   : /home/dryvrc5/public_html/vqmod/xml/multimerch_core_sellermenu.xml
   id        : MultiMerch Core Seller Menu
   version   : 
   vqmver    : 
   author    : http://multimerch.com/

File Name    : catalog/view/theme/*/template/common/header.tpl(0)
VQModObject::applyMod - SEARCH NOT FOUND (SKIPPED): <li><a href="<?php echo $contact; ?>"><i class="fa fa-phone"></i></a> <span class="hidden-xs hidden-sm hidden-md"><?php echo $telephone; ?></span></li>

----------------------------------------------------------------------


---------- Date: 2015-08-14 04:02:53 ~ IP : 180.76.15.160 ----------
REQUEST URI : /index.php?route=product/listing&make_id=139&sort=p.daily&order=ASC&limit=25
MOD DETAILS:
   modFile   : /home/dryvrc5/public_html/vqmod/xml/multimerch_core_sellermenu.xml
   id        : MultiMerch Core Seller Menu
   version   : 
   vqmver    : 
   author    : http://multimerch.com/

File Name    : catalog/view/theme/*/template/common/header.tpl(0)
VQModObject::applyMod - SEARCH NOT FOUND (SKIPPED): <li><a href="<?php echo $contact; ?>"><i class="fa fa-phone"></i></a> <span class="hidden-xs hidden-sm hidden-md"><?php echo $telephone; ?></span></li>

----------------------------------------------------------------------


---------- Date: 2015-08-14 04:17:53 ~ IP : 180.76.15.142 ----------
REQUEST URI : /index.php?route=product/listing&make_id=61&limit=75
MOD DETAILS:
   modFile   : /home/dryvrc5/public_html/vqmod/xml/multimerch_core_sellermenu.xml
   id        : MultiMerch Core Seller Menu
   version   : 
   vqmver    : 
   author    : http://multimerch.com/

File Name    : catalog/view/theme/*/template/common/header.tpl(0)
VQModObject::applyMod - SEARCH NOT FOUND (SKIPPED): <li><a href="<?php echo $contact; ?>"><i class="fa fa-phone"></i></a> <span class="hidden-xs hidden-sm hidden-md"><?php echo $telephone; ?></span></li>

----------------------------------------------------------------------


---------- Date: 2015-08-14 04:32:12 ~ IP : 180.76.15.25 ----------
REQUEST URI : /
MOD DETAILS:
   modFile   : /home/dryvrc5/public_html/vqmod/xml/multimerch_core_sellermenu.xml
   id        : MultiMerch Core Seller Menu
   version   : 
   vqmver    : 
   author    : http://multimerch.com/

File Name    : catalog/view/theme/*/template/common/header.tpl(0)
VQModObject::applyMod - SEARCH NOT FOUND (SKIPPED): <li><a href="<?php echo $contact; ?>"><i class="fa fa-phone"></i></a> <span class="hidden-xs hidden-sm hidden-md"><?php echo $telephone; ?></span></li>

----------------------------------------------------------------------


---------- Date: 2015-08-14 04:32:37 ~ IP : 180.76.15.156 ----------
REQUEST URI : /
MOD DETAILS:
   modFile   : /home/dryvrc5/public_html/vqmod/xml/multimerch_core_sellermenu.xml
   id        : MultiMerch Core Seller Menu
   version   : 
   vqmver    : 
   author    : http://multimerch.com/

File Name    : catalog/view/theme/*/template/common/header.tpl(0)
VQModObject::applyMod - SEARCH NOT FOUND (SKIPPED): <li><a href="<?php echo $contact; ?>"><i class="fa fa-phone"></i></a> <span class="hidden-xs hidden-sm hidden-md"><?php echo $telephone; ?></span></li>

----------------------------------------------------------------------


---------- Date: 2015-08-14 04:38:41 ~ IP : 185.25.151.159 ----------
REQUEST URI : http://testp1.piwo.pila.pl/testproxy.php
MOD DETAILS:
   modFile   : /home/dryvrc5/public_html/vqmod/xml/multimerch_core_sellermenu.xml
   id        : MultiMerch Core Seller Menu
   version   : 
   vqmver    : 
   author    : http://multimerch.com/

File Name    : catalog/view/theme/*/template/common/header.tpl(0)
VQModObject::applyMod - SEARCH NOT FOUND (SKIPPED): <li><a href="<?php echo $contact; ?>"><i class="fa fa-phone"></i></a> <span class="hidden-xs hidden-sm hidden-md"><?php echo $telephone; ?></span></li>

----------------------------------------------------------------------


---------- Date: 2015-08-14 05:13:37 ~ IP : 66.249.65.174 ----------
REQUEST URI : /index.php?route=product/product&product_id=134
MOD DETAILS:
   modFile   : /home/dryvrc5/public_html/vqmod/xml/multimerch_core_sellermenu.xml
   id        : MultiMerch Core Seller Menu
   version   : 
   vqmver    : 
   author    : http://multimerch.com/

File Name    : catalog/view/theme/*/template/common/header.tpl(0)
VQModObject::applyMod - SEARCH NOT FOUND (SKIPPED): <li><a href="<?php echo $contact; ?>"><i class="fa fa-phone"></i></a> <span class="hidden-xs hidden-sm hidden-md"><?php echo $telephone; ?></span></li>

----------------------------------------------------------------------


---------- Date: 2015-08-14 06:03:05 ~ IP : 66.249.65.188 ----------
REQUEST URI : /
MOD DETAILS:
   modFile   : /home/dryvrc5/public_html/vqmod/xml/multimerch_core_sellermenu.xml
   id        : MultiMerch Core Seller Menu
   version   : 
   vqmver    : 
   author    : http://multimerch.com/

File Name    : catalog/view/theme/*/template/common/header.tpl(0)
VQModObject::applyMod - SEARCH NOT FOUND (SKIPPED): <li><a href="<?php echo $contact; ?>"><i class="fa fa-phone"></i></a> <span class="hidden-xs hidden-sm hidden-md"><?php echo $telephone; ?></span></li>

----------------------------------------------------------------------


---------- Date: 2015-08-14 06:16:12 ~ IP : 172.91.153.14 ----------
REQUEST URI : /
MOD DETAILS:
   modFile   : /home/dryvrc5/public_html/vqmod/xml/multimerch_core_sellermenu.xml
   id        : MultiMerch Core Seller Menu
   version   : 
   vqmver    : 
   author    : http://multimerch.com/

File Name    : catalog/view/theme/*/template/common/header.tpl(0)
VQModObject::applyMod - SEARCH NOT FOUND (SKIPPED): <li><a href="<?php echo $contact; ?>"><i class="fa fa-phone"></i></a> <span class="hidden-xs hidden-sm hidden-md"><?php echo $telephone; ?></span></li>

----------------------------------------------------------------------


---------- Date: 2015-08-14 06:16:25 ~ IP : 172.91.153.14 ----------
REQUEST URI : /index.php?route=product/listing&city_id=6&start_date=08/14/2015&start_time=06:00%20AM&end_date=08/15/2015&end_time=06:00%20AM
MOD DETAILS:
   modFile   : /home/dryvrc5/public_html/vqmod/xml/multimerch_core_sellermenu.xml
   id        : MultiMerch Core Seller Menu
   version   : 
   vqmver    : 
   author    : http://multimerch.com/

File Name    : catalog/view/theme/*/template/common/header.tpl(0)
VQModObject::applyMod - SEARCH NOT FOUND (SKIPPED): <li><a href="<?php echo $contact; ?>"><i class="fa fa-phone"></i></a> <span class="hidden-xs hidden-sm hidden-md"><?php echo $telephone; ?></span></li>

----------------------------------------------------------------------


---------- Date: 2015-08-14 06:16:28 ~ IP : 172.91.153.14 ----------
REQUEST URI : /index.php?route=checkout/checkout
MOD DETAILS:
   modFile   : /home/dryvrc5/public_html/vqmod/xml/multimerch_core_sellermenu.xml
   id        : MultiMerch Core Seller Menu
   version   : 
   vqmver    : 
   author    : http://multimerch.com/

File Name    : catalog/view/theme/*/template/common/header.tpl(0)
VQModObject::applyMod - SEARCH NOT FOUND (SKIPPED): <li><a href="<?php echo $contact; ?>"><i class="fa fa-phone"></i></a> <span class="hidden-xs hidden-sm hidden-md"><?php echo $telephone; ?></span></li>

----------------------------------------------------------------------


---------- Date: 2015-08-14 06:16:35 ~ IP : 172.91.153.14 ----------
REQUEST URI : /index.php?route=common/home
MOD DETAILS:
   modFile   : /home/dryvrc5/public_html/vqmod/xml/multimerch_core_sellermenu.xml
   id        : MultiMerch Core Seller Menu
   version   : 
   vqmver    : 
   author    : http://multimerch.com/

File Name    : catalog/view/theme/*/template/common/header.tpl(0)
VQModObject::applyMod - SEARCH NOT FOUND (SKIPPED): <li><a href="<?php echo $contact; ?>"><i class="fa fa-phone"></i></a> <span class="hidden-xs hidden-sm hidden-md"><?php echo $telephone; ?></span></li>

----------------------------------------------------------------------


---------- Date: 2015-08-14 06:19:56 ~ IP : 180.76.15.146 ----------
REQUEST URI : /index.php?route=product/listing&make_id=183&limit=75
MOD DETAILS:
   modFile   : /home/dryvrc5/public_html/vqmod/xml/multimerch_core_sellermenu.xml
   id        : MultiMerch Core Seller Menu
   version   : 
   vqmver    : 
   author    : http://multimerch.com/

File Name    : catalog/view/theme/*/template/common/header.tpl(0)
VQModObject::applyMod - SEARCH NOT FOUND (SKIPPED): <li><a href="<?php echo $contact; ?>"><i class="fa fa-phone"></i></a> <span class="hidden-xs hidden-sm hidden-md"><?php echo $telephone; ?></span></li>

----------------------------------------------------------------------


---------- Date: 2015-08-14 06:29:25 ~ IP : 66.249.65.174 ----------
REQUEST URI : /index.php?route=product/product&product_id=101
MOD DETAILS:
   modFile   : /home/dryvrc5/public_html/vqmod/xml/multimerch_core_sellermenu.xml
   id        : MultiMerch Core Seller Menu
   version   : 
   vqmver    : 
   author    : http://multimerch.com/

File Name    : catalog/view/theme/*/template/common/header.tpl(0)
VQModObject::applyMod - SEARCH NOT FOUND (SKIPPED): <li><a href="<?php echo $contact; ?>"><i class="fa fa-phone"></i></a> <span class="hidden-xs hidden-sm hidden-md"><?php echo $telephone; ?></span></li>

----------------------------------------------------------------------


---------- Date: 2015-08-14 07:21:17 ~ IP : 180.76.15.12 ----------
REQUEST URI : /index.php?route=product/listing&make_id=183&limit=100&sort=p.daily&order=ASC
MOD DETAILS:
   modFile   : /home/dryvrc5/public_html/vqmod/xml/multimerch_core_sellermenu.xml
   id        : MultiMerch Core Seller Menu
   version   : 
   vqmver    : 
   author    : http://multimerch.com/

File Name    : catalog/view/theme/*/template/common/header.tpl(0)
VQModObject::applyMod - SEARCH NOT FOUND (SKIPPED): <li><a href="<?php echo $contact; ?>"><i class="fa fa-phone"></i></a> <span class="hidden-xs hidden-sm hidden-md"><?php echo $telephone; ?></span></li>

----------------------------------------------------------------------


---------- Date: 2015-08-14 07:45:11 ~ IP : 66.249.65.174 ----------
REQUEST URI : /index.php?route=product/product&product_id=106
MOD DETAILS:
   modFile   : /home/dryvrc5/public_html/vqmod/xml/multimerch_core_sellermenu.xml
   id        : MultiMerch Core Seller Menu
   version   : 
   vqmver    : 
   author    : http://multimerch.com/

File Name    : catalog/view/theme/*/template/common/header.tpl(0)
VQModObject::applyMod - SEARCH NOT FOUND (SKIPPED): <li><a href="<?php echo $contact; ?>"><i class="fa fa-phone"></i></a> <span class="hidden-xs hidden-sm hidden-md"><?php echo $telephone; ?></span></li>

----------------------------------------------------------------------


---------- Date: 2015-08-14 07:55:35 ~ IP : 180.76.15.16 ----------
REQUEST URI : /
MOD DETAILS:
   modFile   : /home/dryvrc5/public_html/vqmod/xml/multimerch_core_sellermenu.xml
   id        : MultiMerch Core Seller Menu
   version   : 
   vqmver    : 
   author    : http://multimerch.com/

File Name    : catalog/view/theme/*/template/common/header.tpl(0)
VQModObject::applyMod - SEARCH NOT FOUND (SKIPPED): <li><a href="<?php echo $contact; ?>"><i class="fa fa-phone"></i></a> <span class="hidden-xs hidden-sm hidden-md"><?php echo $telephone; ?></span></li>

----------------------------------------------------------------------


---------- Date: 2015-08-14 07:56:59 ~ IP : 180.76.15.163 ----------
REQUEST URI : /
MOD DETAILS:
   modFile   : /home/dryvrc5/public_html/vqmod/xml/multimerch_core_sellermenu.xml
   id        : MultiMerch Core Seller Menu
   version   : 
   vqmver    : 
   author    : http://multimerch.com/

File Name    : catalog/view/theme/*/template/common/header.tpl(0)
VQModObject::applyMod - SEARCH NOT FOUND (SKIPPED): <li><a href="<?php echo $contact; ?>"><i class="fa fa-phone"></i></a> <span class="hidden-xs hidden-sm hidden-md"><?php echo $telephone; ?></span></li>

----------------------------------------------------------------------


---------- Date: 2015-08-14 08:33:45 ~ IP : 180.76.15.135 ----------
REQUEST URI : /
MOD DETAILS:
   modFile   : /home/dryvrc5/public_html/vqmod/xml/multimerch_core_sellermenu.xml
   id        : MultiMerch Core Seller Menu
   version   : 
   vqmver    : 
   author    : http://multimerch.com/

File Name    : catalog/view/theme/*/template/common/header.tpl(0)
VQModObject::applyMod - SEARCH NOT FOUND (SKIPPED): <li><a href="<?php echo $contact; ?>"><i class="fa fa-phone"></i></a> <span class="hidden-xs hidden-sm hidden-md"><?php echo $telephone; ?></span></li>

----------------------------------------------------------------------


---------- Date: 2015-08-14 08:34:08 ~ IP : 180.76.15.156 ----------
REQUEST URI : /
MOD DETAILS:
   modFile   : /home/dryvrc5/public_html/vqmod/xml/multimerch_core_sellermenu.xml
   id        : MultiMerch Core Seller Menu
   version   : 
   vqmver    : 
   author    : http://multimerch.com/

File Name    : catalog/view/theme/*/template/common/header.tpl(0)
VQModObject::applyMod - SEARCH NOT FOUND (SKIPPED): <li><a href="<?php echo $contact; ?>"><i class="fa fa-phone"></i></a> <span class="hidden-xs hidden-sm hidden-md"><?php echo $telephone; ?></span></li>

----------------------------------------------------------------------


---------- Date: 2015-08-14 09:00:59 ~ IP : 66.249.65.188 ----------
REQUEST URI : /index.php?route=product/product&product_id=120
MOD DETAILS:
   modFile   : /home/dryvrc5/public_html/vqmod/xml/multimerch_core_sellermenu.xml
   id        : MultiMerch Core Seller Menu
   version   : 
   vqmver    : 
   author    : http://multimerch.com/

File Name    : catalog/view/theme/*/template/common/header.tpl(0)
VQModObject::applyMod - SEARCH NOT FOUND (SKIPPED): <li><a href="<?php echo $contact; ?>"><i class="fa fa-phone"></i></a> <span class="hidden-xs hidden-sm hidden-md"><?php echo $telephone; ?></span></li>

----------------------------------------------------------------------


---------- Date: 2015-08-14 09:06:32 ~ IP : 180.76.15.13 ----------
REQUEST URI : /index.php?route=product/listing&make_id=190&limit=50
MOD DETAILS:
   modFile   : /home/dryvrc5/public_html/vqmod/xml/multimerch_core_sellermenu.xml
   id        : MultiMerch Core Seller Menu
   version   : 
   vqmver    : 
   author    : http://multimerch.com/

File Name    : catalog/view/theme/*/template/common/header.tpl(0)
VQModObject::applyMod - SEARCH NOT FOUND (SKIPPED): <li><a href="<?php echo $contact; ?>"><i class="fa fa-phone"></i></a> <span class="hidden-xs hidden-sm hidden-md"><?php echo $telephone; ?></span></li>

----------------------------------------------------------------------


---------- Date: 2015-08-14 09:21:32 ~ IP : 180.76.15.18 ----------
REQUEST URI : /index.php?route=product/listing&make_id=252&limit=100
MOD DETAILS:
   modFile   : /home/dryvrc5/public_html/vqmod/xml/multimerch_core_sellermenu.xml
   id        : MultiMerch Core Seller Menu
   version   : 
   vqmver    : 
   author    : http://multimerch.com/

File Name    : catalog/view/theme/*/template/common/header.tpl(0)
VQModObject::applyMod - SEARCH NOT FOUND (SKIPPED): <li><a href="<?php echo $contact; ?>"><i class="fa fa-phone"></i></a> <span class="hidden-xs hidden-sm hidden-md"><?php echo $telephone; ?></span></li>

----------------------------------------------------------------------


---------- Date: 2015-08-14 10:04:53 ~ IP : 180.76.15.20 ----------
REQUEST URI : /
MOD DETAILS:
   modFile   : /home/dryvrc5/public_html/vqmod/xml/multimerch_core_sellermenu.xml
   id        : MultiMerch Core Seller Menu
   version   : 
   vqmver    : 
   author    : http://multimerch.com/

File Name    : catalog/view/theme/*/template/common/header.tpl(0)
VQModObject::applyMod - SEARCH NOT FOUND (SKIPPED): <li><a href="<?php echo $contact; ?>"><i class="fa fa-phone"></i></a> <span class="hidden-xs hidden-sm hidden-md"><?php echo $telephone; ?></span></li>

----------------------------------------------------------------------


---------- Date: 2015-08-14 10:06:08 ~ IP : 180.76.15.5 ----------
REQUEST URI : /index.php?route=product/listing&make_id=168&limit=25
MOD DETAILS:
   modFile   : /home/dryvrc5/public_html/vqmod/xml/multimerch_core_sellermenu.xml
   id        : MultiMerch Core Seller Menu
   version   : 
   vqmver    : 
   author    : http://multimerch.com/

File Name    : catalog/view/theme/*/template/common/header.tpl(0)
VQModObject::applyMod - SEARCH NOT FOUND (SKIPPED): <li><a href="<?php echo $contact; ?>"><i class="fa fa-phone"></i></a> <span class="hidden-xs hidden-sm hidden-md"><?php echo $telephone; ?></span></li>

----------------------------------------------------------------------


---------- Date: 2015-08-14 10:06:31 ~ IP : 180.76.15.31 ----------
REQUEST URI : /
MOD DETAILS:
   modFile   : /home/dryvrc5/public_html/vqmod/xml/multimerch_core_sellermenu.xml
   id        : MultiMerch Core Seller Menu
   version   : 
   vqmver    : 
   author    : http://multimerch.com/

File Name    : catalog/view/theme/*/template/common/header.tpl(0)
VQModObject::applyMod - SEARCH NOT FOUND (SKIPPED): <li><a href="<?php echo $contact; ?>"><i class="fa fa-phone"></i></a> <span class="hidden-xs hidden-sm hidden-md"><?php echo $telephone; ?></span></li>

----------------------------------------------------------------------


---------- Date: 2015-08-14 10:16:46 ~ IP : 66.249.65.188 ----------
REQUEST URI : /index.php?route=product/product&product_id=126
MOD DETAILS:
   modFile   : /home/dryvrc5/public_html/vqmod/xml/multimerch_core_sellermenu.xml
   id        : MultiMerch Core Seller Menu
   version   : 
   vqmver    : 
   author    : http://multimerch.com/

File Name    : catalog/view/theme/*/template/common/header.tpl(0)
VQModObject::applyMod - SEARCH NOT FOUND (SKIPPED): <li><a href="<?php echo $contact; ?>"><i class="fa fa-phone"></i></a> <span class="hidden-xs hidden-sm hidden-md"><?php echo $telephone; ?></span></li>

----------------------------------------------------------------------


---------- Date: 2015-08-14 10:38:34 ~ IP : 180.76.15.31 ----------
REQUEST URI : /index.php?route=account/forgotten
MOD DETAILS:
   modFile   : /home/dryvrc5/public_html/vqmod/xml/multimerch_core_sellermenu.xml
   id        : MultiMerch Core Seller Menu
   version   : 
   vqmver    : 
   author    : http://multimerch.com/

File Name    : catalog/view/theme/*/template/common/header.tpl(0)
VQModObject::applyMod - SEARCH NOT FOUND (SKIPPED): <li><a href="<?php echo $contact; ?>"><i class="fa fa-phone"></i></a> <span class="hidden-xs hidden-sm hidden-md"><?php echo $telephone; ?></span></li>

----------------------------------------------------------------------


---------- Date: 2015-08-14 11:07:42 ~ IP : 182.118.53.97 ----------
REQUEST URI : /
MOD DETAILS:
   modFile   : /home/dryvrc5/public_html/vqmod/xml/multimerch_core_sellermenu.xml
   id        : MultiMerch Core Seller Menu
   version   : 
   vqmver    : 
   author    : http://multimerch.com/

File Name    : catalog/view/theme/*/template/common/header.tpl(0)
VQModObject::applyMod - SEARCH NOT FOUND (SKIPPED): <li><a href="<?php echo $contact; ?>"><i class="fa fa-phone"></i></a> <span class="hidden-xs hidden-sm hidden-md"><?php echo $telephone; ?></span></li>

----------------------------------------------------------------------


---------- Date: 2015-08-14 11:18:58 ~ IP : 180.76.15.16 ----------
REQUEST URI : /index.php?route=product/listing&make_id=59&limit=100&sort=p.daily&order=ASC
MOD DETAILS:
   modFile   : /home/dryvrc5/public_html/vqmod/xml/multimerch_core_sellermenu.xml
   id        : MultiMerch Core Seller Menu
   version   : 
   vqmver    : 
   author    : http://multimerch.com/

File Name    : catalog/view/theme/*/template/common/header.tpl(0)
VQModObject::applyMod - SEARCH NOT FOUND (SKIPPED): <li><a href="<?php echo $contact; ?>"><i class="fa fa-phone"></i></a> <span class="hidden-xs hidden-sm hidden-md"><?php echo $telephone; ?></span></li>

----------------------------------------------------------------------


---------- Date: 2015-08-14 11:21:51 ~ IP : 180.76.15.26 ----------
REQUEST URI : /
MOD DETAILS:
   modFile   : /home/dryvrc5/public_html/vqmod/xml/multimerch_core_sellermenu.xml
   id        : MultiMerch Core Seller Menu
   version   : 
   vqmver    : 
   author    : http://multimerch.com/

File Name    : catalog/view/theme/*/template/common/header.tpl(0)
VQModObject::applyMod - SEARCH NOT FOUND (SKIPPED): <li><a href="<?php echo $contact; ?>"><i class="fa fa-phone"></i></a> <span class="hidden-xs hidden-sm hidden-md"><?php echo $telephone; ?></span></li>

----------------------------------------------------------------------


---------- Date: 2015-08-14 11:22:39 ~ IP : 180.76.15.156 ----------
REQUEST URI : /
MOD DETAILS:
   modFile   : /home/dryvrc5/public_html/vqmod/xml/multimerch_core_sellermenu.xml
   id        : MultiMerch Core Seller Menu
   version   : 
   vqmver    : 
   author    : http://multimerch.com/

File Name    : catalog/view/theme/*/template/common/header.tpl(0)
VQModObject::applyMod - SEARCH NOT FOUND (SKIPPED): <li><a href="<?php echo $contact; ?>"><i class="fa fa-phone"></i></a> <span class="hidden-xs hidden-sm hidden-md"><?php echo $telephone; ?></span></li>

----------------------------------------------------------------------


---------- Date: 2015-08-14 11:32:44 ~ IP : 66.249.65.174 ----------
REQUEST URI : /index.php?route=product/product&product_id=118
MOD DETAILS:
   modFile   : /home/dryvrc5/public_html/vqmod/xml/multimerch_core_sellermenu.xml
   id        : MultiMerch Core Seller Menu
   version   : 
   vqmver    : 
   author    : http://multimerch.com/

File Name    : catalog/view/theme/*/template/common/header.tpl(0)
VQModObject::applyMod - SEARCH NOT FOUND (SKIPPED): <li><a href="<?php echo $contact; ?>"><i class="fa fa-phone"></i></a> <span class="hidden-xs hidden-sm hidden-md"><?php echo $telephone; ?></span></li>

----------------------------------------------------------------------


---------- Date: 2015-08-14 12:10:29 ~ IP : 180.76.15.10 ----------
REQUEST URI : /
MOD DETAILS:
   modFile   : /home/dryvrc5/public_html/vqmod/xml/multimerch_core_sellermenu.xml
   id        : MultiMerch Core Seller Menu
   version   : 
   vqmver    : 
   author    : http://multimerch.com/

File Name    : catalog/view/theme/*/template/common/header.tpl(0)
VQModObject::applyMod - SEARCH NOT FOUND (SKIPPED): <li><a href="<?php echo $contact; ?>"><i class="fa fa-phone"></i></a> <span class="hidden-xs hidden-sm hidden-md"><?php echo $telephone; ?></span></li>

----------------------------------------------------------------------


---------- Date: 2015-08-14 12:12:07 ~ IP : 180.76.15.6 ----------
REQUEST URI : /
MOD DETAILS:
   modFile   : /home/dryvrc5/public_html/vqmod/xml/multimerch_core_sellermenu.xml
   id        : MultiMerch Core Seller Menu
   version   : 
   vqmver    : 
   author    : http://multimerch.com/

File Name    : catalog/view/theme/*/template/common/header.tpl(0)
VQModObject::applyMod - SEARCH NOT FOUND (SKIPPED): <li><a href="<?php echo $contact; ?>"><i class="fa fa-phone"></i></a> <span class="hidden-xs hidden-sm hidden-md"><?php echo $telephone; ?></span></li>

----------------------------------------------------------------------


---------- Date: 2015-08-14 12:13:35 ~ IP : 180.76.15.10 ----------
REQUEST URI : /index.php?route=product/listing&make_id=252&limit=50
MOD DETAILS:
   modFile   : /home/dryvrc5/public_html/vqmod/xml/multimerch_core_sellermenu.xml
   id        : MultiMerch Core Seller Menu
   version   : 
   vqmver    : 
   author    : http://multimerch.com/

File Name    : catalog/view/theme/*/template/common/header.tpl(0)
VQModObject::applyMod - SEARCH NOT FOUND (SKIPPED): <li><a href="<?php echo $contact; ?>"><i class="fa fa-phone"></i></a> <span class="hidden-xs hidden-sm hidden-md"><?php echo $telephone; ?></span></li>

----------------------------------------------------------------------


---------- Date: 2015-08-14 12:48:20 ~ IP : 66.249.79.117 ----------
REQUEST URI : /robots.txt
MOD DETAILS:
   modFile   : /home/dryvrc5/public_html/vqmod/xml/multimerch_core_sellermenu.xml
   id        : MultiMerch Core Seller Menu
   version   : 
   vqmver    : 
   author    : http://multimerch.com/

File Name    : catalog/view/theme/*/template/common/header.tpl(0)
VQModObject::applyMod - SEARCH NOT FOUND (SKIPPED): <li><a href="<?php echo $contact; ?>"><i class="fa fa-phone"></i></a> <span class="hidden-xs hidden-sm hidden-md"><?php echo $telephone; ?></span></li>

----------------------------------------------------------------------


---------- Date: 2015-08-14 12:48:20 ~ IP : 66.249.79.130 ----------
REQUEST URI : /index.php?route=product/product&product_id=143
MOD DETAILS:
   modFile   : /home/dryvrc5/public_html/vqmod/xml/multimerch_core_sellermenu.xml
   id        : MultiMerch Core Seller Menu
   version   : 
   vqmver    : 
   author    : http://multimerch.com/

File Name    : catalog/view/theme/*/template/common/header.tpl(0)
VQModObject::applyMod - SEARCH NOT FOUND (SKIPPED): <li><a href="<?php echo $contact; ?>"><i class="fa fa-phone"></i></a> <span class="hidden-xs hidden-sm hidden-md"><?php echo $telephone; ?></span></li>

----------------------------------------------------------------------


---------- Date: 2015-08-14 13:18:06 ~ IP : 180.76.15.8 ----------
REQUEST URI : /
MOD DETAILS:
   modFile   : /home/dryvrc5/public_html/vqmod/xml/multimerch_core_sellermenu.xml
   id        : MultiMerch Core Seller Menu
   version   : 
   vqmver    : 
   author    : http://multimerch.com/

File Name    : catalog/view/theme/*/template/common/header.tpl(0)
VQModObject::applyMod - SEARCH NOT FOUND (SKIPPED): <li><a href="<?php echo $contact; ?>"><i class="fa fa-phone"></i></a> <span class="hidden-xs hidden-sm hidden-md"><?php echo $telephone; ?></span></li>

----------------------------------------------------------------------


---------- Date: 2015-08-14 13:19:38 ~ IP : 180.76.15.32 ----------
REQUEST URI : /
MOD DETAILS:
   modFile   : /home/dryvrc5/public_html/vqmod/xml/multimerch_core_sellermenu.xml
   id        : MultiMerch Core Seller Menu
   version   : 
   vqmver    : 
   author    : http://multimerch.com/

File Name    : catalog/view/theme/*/template/common/header.tpl(0)
VQModObject::applyMod - SEARCH NOT FOUND (SKIPPED): <li><a href="<?php echo $contact; ?>"><i class="fa fa-phone"></i></a> <span class="hidden-xs hidden-sm hidden-md"><?php echo $telephone; ?></span></li>

----------------------------------------------------------------------


---------- Date: 2015-08-14 13:28:54 ~ IP : 180.76.15.135 ----------
REQUEST URI : /index.php?route=agency/agency_detail&agency_id=51&page=3
MOD DETAILS:
   modFile   : /home/dryvrc5/public_html/vqmod/xml/multimerch_core_sellermenu.xml
   id        : MultiMerch Core Seller Menu
   version   : 
   vqmver    : 
   author    : http://multimerch.com/

File Name    : catalog/view/theme/*/template/common/header.tpl(0)
VQModObject::applyMod - SEARCH NOT FOUND (SKIPPED): <li><a href="<?php echo $contact; ?>"><i class="fa fa-phone"></i></a> <span class="hidden-xs hidden-sm hidden-md"><?php echo $telephone; ?></span></li>

----------------------------------------------------------------------


---------- Date: 2015-08-14 13:31:00 ~ IP : 204.54.154.68 ----------
REQUEST URI : /lib/csshover3/csshover3.htc
MOD DETAILS:
   modFile   : /home/dryvrc5/public_html/vqmod/xml/multimerch_core_sellermenu.xml
   id        : MultiMerch Core Seller Menu
   version   : 
   vqmver    : 
   author    : http://multimerch.com/

File Name    : catalog/view/theme/*/template/common/header.tpl(0)
VQModObject::applyMod - SEARCH NOT FOUND (SKIPPED): <li><a href="<?php echo $contact; ?>"><i class="fa fa-phone"></i></a> <span class="hidden-xs hidden-sm hidden-md"><?php echo $telephone; ?></span></li>

----------------------------------------------------------------------


---------- Date: 2015-08-14 14:04:06 ~ IP : 66.249.79.130 ----------
REQUEST URI : /index.php?route=product/product&product_id=108
MOD DETAILS:
   modFile   : /home/dryvrc5/public_html/vqmod/xml/multimerch_core_sellermenu.xml
   id        : MultiMerch Core Seller Menu
   version   : 
   vqmver    : 
   author    : http://multimerch.com/

File Name    : catalog/view/theme/*/template/common/header.tpl(0)
VQModObject::applyMod - SEARCH NOT FOUND (SKIPPED): <li><a href="<?php echo $contact; ?>"><i class="fa fa-phone"></i></a> <span class="hidden-xs hidden-sm hidden-md"><?php echo $telephone; ?></span></li>

----------------------------------------------------------------------


---------- Date: 2015-08-14 14:07:05 ~ IP : 180.76.15.136 ----------
REQUEST URI : /
MOD DETAILS:
   modFile   : /home/dryvrc5/public_html/vqmod/xml/multimerch_core_sellermenu.xml
   id        : MultiMerch Core Seller Menu
   version   : 
   vqmver    : 
   author    : http://multimerch.com/

File Name    : catalog/view/theme/*/template/common/header.tpl(0)
VQModObject::applyMod - SEARCH NOT FOUND (SKIPPED): <li><a href="<?php echo $contact; ?>"><i class="fa fa-phone"></i></a> <span class="hidden-xs hidden-sm hidden-md"><?php echo $telephone; ?></span></li>

----------------------------------------------------------------------


---------- Date: 2015-08-14 14:08:36 ~ IP : 180.76.15.28 ----------
REQUEST URI : /
MOD DETAILS:
   modFile   : /home/dryvrc5/public_html/vqmod/xml/multimerch_core_sellermenu.xml
   id        : MultiMerch Core Seller Menu
   version   : 
   vqmver    : 
   author    : http://multimerch.com/

File Name    : catalog/view/theme/*/template/common/header.tpl(0)
VQModObject::applyMod - SEARCH NOT FOUND (SKIPPED): <li><a href="<?php echo $contact; ?>"><i class="fa fa-phone"></i></a> <span class="hidden-xs hidden-sm hidden-md"><?php echo $telephone; ?></span></li>

----------------------------------------------------------------------


---------- Date: 2015-08-14 14:23:06 ~ IP : 66.249.79.117 ----------
REQUEST URI : /
MOD DETAILS:
   modFile   : /home/dryvrc5/public_html/vqmod/xml/multimerch_core_sellermenu.xml
   id        : MultiMerch Core Seller Menu
   version   : 
   vqmver    : 
   author    : http://multimerch.com/

File Name    : catalog/view/theme/*/template/common/header.tpl(0)
VQModObject::applyMod - SEARCH NOT FOUND (SKIPPED): <li><a href="<?php echo $contact; ?>"><i class="fa fa-phone"></i></a> <span class="hidden-xs hidden-sm hidden-md"><?php echo $telephone; ?></span></li>

----------------------------------------------------------------------


---------- Date: 2015-08-14 14:29:03 ~ IP : 180.76.15.20 ----------
REQUEST URI : /index.php?route=product/listing&city_id=6&limit=50
MOD DETAILS:
   modFile   : /home/dryvrc5/public_html/vqmod/xml/multimerch_core_sellermenu.xml
   id        : MultiMerch Core Seller Menu
   version   : 
   vqmver    : 
   author    : http://multimerch.com/

File Name    : catalog/view/theme/*/template/common/header.tpl(0)
VQModObject::applyMod - SEARCH NOT FOUND (SKIPPED): <li><a href="<?php echo $contact; ?>"><i class="fa fa-phone"></i></a> <span class="hidden-xs hidden-sm hidden-md"><?php echo $telephone; ?></span></li>

----------------------------------------------------------------------


---------- Date: 2015-08-14 14:31:12 ~ IP : 180.76.15.11 ----------
REQUEST URI : /
MOD DETAILS:
   modFile   : /home/dryvrc5/public_html/vqmod/xml/multimerch_core_sellermenu.xml
   id        : MultiMerch Core Seller Menu
   version   : 
   vqmver    : 
   author    : http://multimerch.com/

File Name    : catalog/view/theme/*/template/common/header.tpl(0)
VQModObject::applyMod - SEARCH NOT FOUND (SKIPPED): <li><a href="<?php echo $contact; ?>"><i class="fa fa-phone"></i></a> <span class="hidden-xs hidden-sm hidden-md"><?php echo $telephone; ?></span></li>

----------------------------------------------------------------------


---------- Date: 2015-08-14 14:31:32 ~ IP : 180.76.15.142 ----------
REQUEST URI : /
MOD DETAILS:
   modFile   : /home/dryvrc5/public_html/vqmod/xml/multimerch_core_sellermenu.xml
   id        : MultiMerch Core Seller Menu
   version   : 
   vqmver    : 
   author    : http://multimerch.com/

File Name    : catalog/view/theme/*/template/common/header.tpl(0)
VQModObject::applyMod - SEARCH NOT FOUND (SKIPPED): <li><a href="<?php echo $contact; ?>"><i class="fa fa-phone"></i></a> <span class="hidden-xs hidden-sm hidden-md"><?php echo $telephone; ?></span></li>

----------------------------------------------------------------------


---------- Date: 2015-08-14 14:59:36 ~ IP : 66.249.79.117 ----------
REQUEST URI : /index.php?route=product/product&product_id=148
MOD DETAILS:
   modFile   : /home/dryvrc5/public_html/vqmod/xml/multimerch_core_sellermenu.xml
   id        : MultiMerch Core Seller Menu
   version   : 
   vqmver    : 
   author    : http://multimerch.com/

File Name    : catalog/view/theme/*/template/common/header.tpl(0)
VQModObject::applyMod - SEARCH NOT FOUND (SKIPPED): <li><a href="<?php echo $contact; ?>"><i class="fa fa-phone"></i></a> <span class="hidden-xs hidden-sm hidden-md"><?php echo $telephone; ?></span></li>

----------------------------------------------------------------------


---------- Date: 2015-08-14 15:00:24 ~ IP : 66.249.79.143 ----------
REQUEST URI : /index.php?route=product/product&product_id=110
MOD DETAILS:
   modFile   : /home/dryvrc5/public_html/vqmod/xml/multimerch_core_sellermenu.xml
   id        : MultiMerch Core Seller Menu
   version   : 
   vqmver    : 
   author    : http://multimerch.com/

File Name    : catalog/view/theme/*/template/common/header.tpl(0)
VQModObject::applyMod - SEARCH NOT FOUND (SKIPPED): <li><a href="<?php echo $contact; ?>"><i class="fa fa-phone"></i></a> <span class="hidden-xs hidden-sm hidden-md"><?php echo $telephone; ?></span></li>

----------------------------------------------------------------------


---------- Date: 2015-08-14 15:01:30 ~ IP : 66.249.79.130 ----------
REQUEST URI : /index.php?route=product/product&product_id=121
MOD DETAILS:
   modFile   : /home/dryvrc5/public_html/vqmod/xml/multimerch_core_sellermenu.xml
   id        : MultiMerch Core Seller Menu
   version   : 
   vqmver    : 
   author    : http://multimerch.com/

File Name    : catalog/view/theme/*/template/common/header.tpl(0)
VQModObject::applyMod - SEARCH NOT FOUND (SKIPPED): <li><a href="<?php echo $contact; ?>"><i class="fa fa-phone"></i></a> <span class="hidden-xs hidden-sm hidden-md"><?php echo $telephone; ?></span></li>

----------------------------------------------------------------------


---------- Date: 2015-08-14 15:02:35 ~ IP : 66.249.79.117 ----------
REQUEST URI : /index.php?route=product/product&product_id=107
MOD DETAILS:
   modFile   : /home/dryvrc5/public_html/vqmod/xml/multimerch_core_sellermenu.xml
   id        : MultiMerch Core Seller Menu
   version   : 
   vqmver    : 
   author    : http://multimerch.com/

File Name    : catalog/view/theme/*/template/common/header.tpl(0)
VQModObject::applyMod - SEARCH NOT FOUND (SKIPPED): <li><a href="<?php echo $contact; ?>"><i class="fa fa-phone"></i></a> <span class="hidden-xs hidden-sm hidden-md"><?php echo $telephone; ?></span></li>

----------------------------------------------------------------------


---------- Date: 2015-08-14 15:06:57 ~ IP : 66.249.79.143 ----------
REQUEST URI : /index.php?route=product/product&product_id=109
MOD DETAILS:
   modFile   : /home/dryvrc5/public_html/vqmod/xml/multimerch_core_sellermenu.xml
   id        : MultiMerch Core Seller Menu
   version   : 
   vqmver    : 
   author    : http://multimerch.com/

File Name    : catalog/view/theme/*/template/common/header.tpl(0)
VQModObject::applyMod - SEARCH NOT FOUND (SKIPPED): <li><a href="<?php echo $contact; ?>"><i class="fa fa-phone"></i></a> <span class="hidden-xs hidden-sm hidden-md"><?php echo $telephone; ?></span></li>

----------------------------------------------------------------------


---------- Date: 2015-08-14 15:15:37 ~ IP : 180.76.15.162 ----------
REQUEST URI : /index.php?route=product/listing&city_id=6&sort=p.daily&order=ASC&sort=p.daily&order=DESC
MOD DETAILS:
   modFile   : /home/dryvrc5/public_html/vqmod/xml/multimerch_core_sellermenu.xml
   id        : MultiMerch Core Seller Menu
   version   : 
   vqmver    : 
   author    : http://multimerch.com/

File Name    : catalog/view/theme/*/template/common/header.tpl(0)
VQModObject::applyMod - SEARCH NOT FOUND (SKIPPED): <li><a href="<?php echo $contact; ?>"><i class="fa fa-phone"></i></a> <span class="hidden-xs hidden-sm hidden-md"><?php echo $telephone; ?></span></li>

----------------------------------------------------------------------


---------- Date: 2015-08-14 16:00:24 ~ IP : 180.76.15.19 ----------
REQUEST URI : /
MOD DETAILS:
   modFile   : /home/dryvrc5/public_html/vqmod/xml/multimerch_core_sellermenu.xml
   id        : MultiMerch Core Seller Menu
   version   : 
   vqmver    : 
   author    : http://multimerch.com/

File Name    : catalog/view/theme/*/template/common/header.tpl(0)
VQModObject::applyMod - SEARCH NOT FOUND (SKIPPED): <li><a href="<?php echo $contact; ?>"><i class="fa fa-phone"></i></a> <span class="hidden-xs hidden-sm hidden-md"><?php echo $telephone; ?></span></li>

----------------------------------------------------------------------


---------- Date: 2015-08-14 16:01:55 ~ IP : 180.76.15.159 ----------
REQUEST URI : /
MOD DETAILS:
   modFile   : /home/dryvrc5/public_html/vqmod/xml/multimerch_core_sellermenu.xml
   id        : MultiMerch Core Seller Menu
   version   : 
   vqmver    : 
   author    : http://multimerch.com/

File Name    : catalog/view/theme/*/template/common/header.tpl(0)
VQModObject::applyMod - SEARCH NOT FOUND (SKIPPED): <li><a href="<?php echo $contact; ?>"><i class="fa fa-phone"></i></a> <span class="hidden-xs hidden-sm hidden-md"><?php echo $telephone; ?></span></li>

----------------------------------------------------------------------


---------- Date: 2015-08-14 16:04:00 ~ IP : 66.249.79.143 ----------
REQUEST URI : /index.php?route=product/product&product_id=160
MOD DETAILS:
   modFile   : /home/dryvrc5/public_html/vqmod/xml/multimerch_core_sellermenu.xml
   id        : MultiMerch Core Seller Menu
   version   : 
   vqmver    : 
   author    : http://multimerch.com/

File Name    : catalog/view/theme/*/template/common/header.tpl(0)
VQModObject::applyMod - SEARCH NOT FOUND (SKIPPED): <li><a href="<?php echo $contact; ?>"><i class="fa fa-phone"></i></a> <span class="hidden-xs hidden-sm hidden-md"><?php echo $telephone; ?></span></li>

----------------------------------------------------------------------


---------- Date: 2015-08-14 16:14:54 ~ IP : 180.76.15.22 ----------
REQUEST URI : /index.php?route=product/listing&city_id=6&sort=p.daily&order=ASC&limit=30
MOD DETAILS:
   modFile   : /home/dryvrc5/public_html/vqmod/xml/multimerch_core_sellermenu.xml
   id        : MultiMerch Core Seller Menu
   version   : 
   vqmver    : 
   author    : http://multimerch.com/

File Name    : catalog/view/theme/*/template/common/header.tpl(0)
VQModObject::applyMod - SEARCH NOT FOUND (SKIPPED): <li><a href="<?php echo $contact; ?>"><i class="fa fa-phone"></i></a> <span class="hidden-xs hidden-sm hidden-md"><?php echo $telephone; ?></span></li>

----------------------------------------------------------------------


---------- Date: 2015-08-14 16:29:54 ~ IP : 180.76.15.8 ----------
REQUEST URI : /index.php?route=product/listing&city_id=6&sort=p.daily&order=ASC&sort=p.daily&order=ASC
MOD DETAILS:
   modFile   : /home/dryvrc5/public_html/vqmod/xml/multimerch_core_sellermenu.xml
   id        : MultiMerch Core Seller Menu
   version   : 
   vqmver    : 
   author    : http://multimerch.com/

File Name    : catalog/view/theme/*/template/common/header.tpl(0)
VQModObject::applyMod - SEARCH NOT FOUND (SKIPPED): <li><a href="<?php echo $contact; ?>"><i class="fa fa-phone"></i></a> <span class="hidden-xs hidden-sm hidden-md"><?php echo $telephone; ?></span></li>

----------------------------------------------------------------------


---------- Date: 2015-08-14 16:30:04 ~ IP : 180.76.15.146 ----------
REQUEST URI : /
MOD DETAILS:
   modFile   : /home/dryvrc5/public_html/vqmod/xml/multimerch_core_sellermenu.xml
   id        : MultiMerch Core Seller Menu
   version   : 
   vqmver    : 
   author    : http://multimerch.com/

File Name    : catalog/view/theme/*/template/common/header.tpl(0)
VQModObject::applyMod - SEARCH NOT FOUND (SKIPPED): <li><a href="<?php echo $contact; ?>"><i class="fa fa-phone"></i></a> <span class="hidden-xs hidden-sm hidden-md"><?php echo $telephone; ?></span></li>

----------------------------------------------------------------------


---------- Date: 2015-08-14 16:30:23 ~ IP : 180.76.15.31 ----------
REQUEST URI : /
MOD DETAILS:
   modFile   : /home/dryvrc5/public_html/vqmod/xml/multimerch_core_sellermenu.xml
   id        : MultiMerch Core Seller Menu
   version   : 
   vqmver    : 
   author    : http://multimerch.com/

File Name    : catalog/view/theme/*/template/common/header.tpl(0)
VQModObject::applyMod - SEARCH NOT FOUND (SKIPPED): <li><a href="<?php echo $contact; ?>"><i class="fa fa-phone"></i></a> <span class="hidden-xs hidden-sm hidden-md"><?php echo $telephone; ?></span></li>

----------------------------------------------------------------------


---------- Date: 2015-08-14 17:19:48 ~ IP : 66.249.79.143 ----------
REQUEST URI : /index.php?route=product/product&product_id=128
MOD DETAILS:
   modFile   : /home/dryvrc5/public_html/vqmod/xml/multimerch_core_sellermenu.xml
   id        : MultiMerch Core Seller Menu
   version   : 
   vqmver    : 
   author    : http://multimerch.com/

File Name    : catalog/view/theme/*/template/common/header.tpl(0)
VQModObject::applyMod - SEARCH NOT FOUND (SKIPPED): <li><a href="<?php echo $contact; ?>"><i class="fa fa-phone"></i></a> <span class="hidden-xs hidden-sm hidden-md"><?php echo $telephone; ?></span></li>

----------------------------------------------------------------------


---------- Date: 2015-08-14 17:23:23 ~ IP : 72.14.199.58 ----------
REQUEST URI : /
MOD DETAILS:
   modFile   : /home/dryvrc5/public_html/vqmod/xml/multimerch_core_sellermenu.xml
   id        : MultiMerch Core Seller Menu
   version   : 
   vqmver    : 
   author    : http://multimerch.com/

File Name    : catalog/view/theme/*/template/common/header.tpl(0)
VQModObject::applyMod - SEARCH NOT FOUND (SKIPPED): <li><a href="<?php echo $contact; ?>"><i class="fa fa-phone"></i></a> <span class="hidden-xs hidden-sm hidden-md"><?php echo $telephone; ?></span></li>

----------------------------------------------------------------------


---------- Date: 2015-08-14 17:23:49 ~ IP : 180.76.15.150 ----------
REQUEST URI : /index.php?route=product/listing&make_id=252&limit=75
MOD DETAILS:
   modFile   : /home/dryvrc5/public_html/vqmod/xml/multimerch_core_sellermenu.xml
   id        : MultiMerch Core Seller Menu
   version   : 
   vqmver    : 
   author    : http://multimerch.com/

File Name    : catalog/view/theme/*/template/common/header.tpl(0)
VQModObject::applyMod - SEARCH NOT FOUND (SKIPPED): <li><a href="<?php echo $contact; ?>"><i class="fa fa-phone"></i></a> <span class="hidden-xs hidden-sm hidden-md"><?php echo $telephone; ?></span></li>

----------------------------------------------------------------------


---------- Date: 2015-08-14 17:26:53 ~ IP : 72.14.199.64 ----------
REQUEST URI : /
MOD DETAILS:
   modFile   : /home/dryvrc5/public_html/vqmod/xml/multimerch_core_sellermenu.xml
   id        : MultiMerch Core Seller Menu
   version   : 
   vqmver    : 
   author    : http://multimerch.com/

File Name    : catalog/view/theme/*/template/common/header.tpl(0)
VQModObject::applyMod - SEARCH NOT FOUND (SKIPPED): <li><a href="<?php echo $contact; ?>"><i class="fa fa-phone"></i></a> <span class="hidden-xs hidden-sm hidden-md"><?php echo $telephone; ?></span></li>

----------------------------------------------------------------------


---------- Date: 2015-08-14 18:01:50 ~ IP : 180.76.15.135 ----------
REQUEST URI : /
MOD DETAILS:
   modFile   : /home/dryvrc5/public_html/vqmod/xml/multimerch_core_sellermenu.xml
   id        : MultiMerch Core Seller Menu
   version   : 
   vqmver    : 
   author    : http://multimerch.com/

File Name    : catalog/view/theme/*/template/common/header.tpl(0)
VQModObject::applyMod - SEARCH NOT FOUND (SKIPPED): <li><a href="<?php echo $contact; ?>"><i class="fa fa-phone"></i></a> <span class="hidden-xs hidden-sm hidden-md"><?php echo $telephone; ?></span></li>

----------------------------------------------------------------------


---------- Date: 2015-08-14 18:03:22 ~ IP : 180.76.15.17 ----------
REQUEST URI : /
MOD DETAILS:
   modFile   : /home/dryvrc5/public_html/vqmod/xml/multimerch_core_sellermenu.xml
   id        : MultiMerch Core Seller Menu
   version   : 
   vqmver    : 
   author    : http://multimerch.com/

File Name    : catalog/view/theme/*/template/common/header.tpl(0)
VQModObject::applyMod - SEARCH NOT FOUND (SKIPPED): <li><a href="<?php echo $contact; ?>"><i class="fa fa-phone"></i></a> <span class="hidden-xs hidden-sm hidden-md"><?php echo $telephone; ?></span></li>

----------------------------------------------------------------------


---------- Date: 2015-08-14 18:17:41 ~ IP : 180.76.15.147 ----------
REQUEST URI : /index.php?route=product/listing&make_id=183&sort=p.daily&order=ASC&limit=50&sort=p.daily&order=DESC
MOD DETAILS:
   modFile   : /home/dryvrc5/public_html/vqmod/xml/multimerch_core_sellermenu.xml
   id        : MultiMerch Core Seller Menu
   version   : 
   vqmver    : 
   author    : http://multimerch.com/

File Name    : catalog/view/theme/*/template/common/header.tpl(0)
VQModObject::applyMod - SEARCH NOT FOUND (SKIPPED): <li><a href="<?php echo $contact; ?>"><i class="fa fa-phone"></i></a> <span class="hidden-xs hidden-sm hidden-md"><?php echo $telephone; ?></span></li>

----------------------------------------------------------------------


---------- Date: 2015-08-14 18:19:13 ~ IP : 180.76.15.143 ----------
REQUEST URI : /
MOD DETAILS:
   modFile   : /home/dryvrc5/public_html/vqmod/xml/multimerch_core_sellermenu.xml
   id        : MultiMerch Core Seller Menu
   version   : 
   vqmver    : 
   author    : http://multimerch.com/

File Name    : catalog/view/theme/*/template/common/header.tpl(0)
VQModObject::applyMod - SEARCH NOT FOUND (SKIPPED): <li><a href="<?php echo $contact; ?>"><i class="fa fa-phone"></i></a> <span class="hidden-xs hidden-sm hidden-md"><?php echo $telephone; ?></span></li>

----------------------------------------------------------------------


---------- Date: 2015-08-14 18:19:14 ~ IP : 180.76.15.28 ----------
REQUEST URI : /
MOD DETAILS:
   modFile   : /home/dryvrc5/public_html/vqmod/xml/multimerch_core_sellermenu.xml
   id        : MultiMerch Core Seller Menu
   version   : 
   vqmver    : 
   author    : http://multimerch.com/

File Name    : catalog/view/theme/*/template/common/header.tpl(0)
VQModObject::applyMod - SEARCH NOT FOUND (SKIPPED): <li><a href="<?php echo $contact; ?>"><i class="fa fa-phone"></i></a> <span class="hidden-xs hidden-sm hidden-md"><?php echo $telephone; ?></span></li>

----------------------------------------------------------------------


---------- Date: 2015-08-14 18:30:58 ~ IP : 180.76.15.16 ----------
REQUEST URI : /
MOD DETAILS:
   modFile   : /home/dryvrc5/public_html/vqmod/xml/multimerch_core_sellermenu.xml
   id        : MultiMerch Core Seller Menu
   version   : 
   vqmver    : 
   author    : http://multimerch.com/

File Name    : catalog/view/theme/*/template/common/header.tpl(0)
VQModObject::applyMod - SEARCH NOT FOUND (SKIPPED): <li><a href="<?php echo $contact; ?>"><i class="fa fa-phone"></i></a> <span class="hidden-xs hidden-sm hidden-md"><?php echo $telephone; ?></span></li>

----------------------------------------------------------------------


---------- Date: 2015-08-14 18:31:17 ~ IP : 180.76.15.156 ----------
REQUEST URI : /
MOD DETAILS:
   modFile   : /home/dryvrc5/public_html/vqmod/xml/multimerch_core_sellermenu.xml
   id        : MultiMerch Core Seller Menu
   version   : 
   vqmver    : 
   author    : http://multimerch.com/

File Name    : catalog/view/theme/*/template/common/header.tpl(0)
VQModObject::applyMod - SEARCH NOT FOUND (SKIPPED): <li><a href="<?php echo $contact; ?>"><i class="fa fa-phone"></i></a> <span class="hidden-xs hidden-sm hidden-md"><?php echo $telephone; ?></span></li>

----------------------------------------------------------------------


---------- Date: 2015-08-14 18:35:34 ~ IP : 66.249.79.143 ----------
REQUEST URI : /index.php?route=product/product&product_id=193
MOD DETAILS:
   modFile   : /home/dryvrc5/public_html/vqmod/xml/multimerch_core_sellermenu.xml
   id        : MultiMerch Core Seller Menu
   version   : 
   vqmver    : 
   author    : http://multimerch.com/

File Name    : catalog/view/theme/*/template/common/header.tpl(0)
VQModObject::applyMod - SEARCH NOT FOUND (SKIPPED): <li><a href="<?php echo $contact; ?>"><i class="fa fa-phone"></i></a> <span class="hidden-xs hidden-sm hidden-md"><?php echo $telephone; ?></span></li>

----------------------------------------------------------------------


---------- Date: 2015-08-14 19:15:23 ~ IP : 167.60.118.84 ----------
REQUEST URI : /
MOD DETAILS:
   modFile   : /home/dryvrc5/public_html/vqmod/xml/multimerch_core_sellermenu.xml
   id        : MultiMerch Core Seller Menu
   version   : 
   vqmver    : 
   author    : http://multimerch.com/

File Name    : catalog/view/theme/*/template/common/header.tpl(0)
VQModObject::applyMod - SEARCH NOT FOUND (SKIPPED): <li><a href="<?php echo $contact; ?>"><i class="fa fa-phone"></i></a> <span class="hidden-xs hidden-sm hidden-md"><?php echo $telephone; ?></span></li>

----------------------------------------------------------------------


---------- Date: 2015-08-14 19:51:21 ~ IP : 66.249.79.143 ----------
REQUEST URI : /index.php?route=product/product&product_id=166
MOD DETAILS:
   modFile   : /home/dryvrc5/public_html/vqmod/xml/multimerch_core_sellermenu.xml
   id        : MultiMerch Core Seller Menu
   version   : 
   vqmver    : 
   author    : http://multimerch.com/

File Name    : catalog/view/theme/*/template/common/header.tpl(0)
VQModObject::applyMod - SEARCH NOT FOUND (SKIPPED): <li><a href="<?php echo $contact; ?>"><i class="fa fa-phone"></i></a> <span class="hidden-xs hidden-sm hidden-md"><?php echo $telephone; ?></span></li>

----------------------------------------------------------------------


---------- Date: 2015-08-14 19:53:51 ~ IP : 144.76.185.173 ----------
REQUEST URI : /
MOD DETAILS:
   modFile   : /home/dryvrc5/public_html/vqmod/xml/multimerch_core_sellermenu.xml
   id        : MultiMerch Core Seller Menu
   version   : 
   vqmver    : 
   author    : http://multimerch.com/

File Name    : catalog/view/theme/*/template/common/header.tpl(0)
VQModObject::applyMod - SEARCH NOT FOUND (SKIPPED): <li><a href="<?php echo $contact; ?>"><i class="fa fa-phone"></i></a> <span class="hidden-xs hidden-sm hidden-md"><?php echo $telephone; ?></span></li>

----------------------------------------------------------------------


---------- Date: 2015-08-14 19:54:13 ~ IP : 144.76.185.173 ----------
REQUEST URI : /index.php?route=account/agencylogin
MOD DETAILS:
   modFile   : /home/dryvrc5/public_html/vqmod/xml/multimerch_core_sellermenu.xml
   id        : MultiMerch Core Seller Menu
   version   : 
   vqmver    : 
   author    : http://multimerch.com/

File Name    : catalog/view/theme/*/template/common/header.tpl(0)
VQModObject::applyMod - SEARCH NOT FOUND (SKIPPED): <li><a href="<?php echo $contact; ?>"><i class="fa fa-phone"></i></a> <span class="hidden-xs hidden-sm hidden-md"><?php echo $telephone; ?></span></li>

----------------------------------------------------------------------


---------- Date: 2015-08-14 19:54:13 ~ IP : 144.76.185.173 ----------
REQUEST URI : /index.php?route=account/login
MOD DETAILS:
   modFile   : /home/dryvrc5/public_html/vqmod/xml/multimerch_core.xml
   id        : MultiMerch Digital Multivendor Marketplace Core
   version   : 
   vqmver    : 
   author    : http://multimerch.com/

File Name    : catalog/controller/account/login.php(0)
VQModObject::applyMod - SEARCH NOT FOUND (SKIPPED): $this->response->redirect($this->url->link('account/account'));
MOD DETAILS:
   modFile   : /home/dryvrc5/public_html/vqmod/xml/multimerch_core_sellermenu.xml
   id        : MultiMerch Core Seller Menu
   version   : 
   vqmver    : 
   author    : http://multimerch.com/

File Name    : catalog/view/theme/*/template/common/header.tpl(0)
VQModObject::applyMod - SEARCH NOT FOUND (SKIPPED): <li><a href="<?php echo $contact; ?>"><i class="fa fa-phone"></i></a> <span class="hidden-xs hidden-sm hidden-md"><?php echo $telephone; ?></span></li>

----------------------------------------------------------------------


---------- Date: 2015-08-14 19:54:15 ~ IP : 144.76.185.173 ----------
REQUEST URI : /index.php?route=account/register
MOD DETAILS:
   modFile   : /home/dryvrc5/public_html/vqmod/xml/multimerch_core_sellermenu.xml
   id        : MultiMerch Core Seller Menu
   version   : 
   vqmver    : 
   author    : http://multimerch.com/

File Name    : catalog/view/theme/*/template/common/header.tpl(0)
VQModObject::applyMod - SEARCH NOT FOUND (SKIPPED): <li><a href="<?php echo $contact; ?>"><i class="fa fa-phone"></i></a> <span class="hidden-xs hidden-sm hidden-md"><?php echo $telephone; ?></span></li>

----------------------------------------------------------------------


---------- Date: 2015-08-14 19:54:15 ~ IP : 144.76.185.173 ----------
REQUEST URI : /index.php?route=agency/agency_detail&agency_id=7
MOD DETAILS:
   modFile   : /home/dryvrc5/public_html/vqmod/xml/multimerch_core_sellermenu.xml
   id        : MultiMerch Core Seller Menu
   version   : 
   vqmver    : 
   author    : http://multimerch.com/

File Name    : catalog/view/theme/*/template/common/header.tpl(0)
VQModObject::applyMod - SEARCH NOT FOUND (SKIPPED): <li><a href="<?php echo $contact; ?>"><i class="fa fa-phone"></i></a> <span class="hidden-xs hidden-sm hidden-md"><?php echo $telephone; ?></span></li>

----------------------------------------------------------------------


---------- Date: 2015-08-14 19:54:17 ~ IP : 144.76.185.173 ----------
REQUEST URI : /index.php?route=agency/agency_detail&agency_id=44
MOD DETAILS:
   modFile   : /home/dryvrc5/public_html/vqmod/xml/multimerch_core_sellermenu.xml
   id        : MultiMerch Core Seller Menu
   version   : 
   vqmver    : 
   author    : http://multimerch.com/

File Name    : catalog/view/theme/*/template/common/header.tpl(0)
VQModObject::applyMod - SEARCH NOT FOUND (SKIPPED): <li><a href="<?php echo $contact; ?>"><i class="fa fa-phone"></i></a> <span class="hidden-xs hidden-sm hidden-md"><?php echo $telephone; ?></span></li>

----------------------------------------------------------------------


---------- Date: 2015-08-14 19:54:18 ~ IP : 144.76.185.173 ----------
REQUEST URI : /index.php?route=agency/agency_detail&agency_id=51
MOD DETAILS:
   modFile   : /home/dryvrc5/public_html/vqmod/xml/multimerch_core_sellermenu.xml
   id        : MultiMerch Core Seller Menu
   version   : 
   vqmver    : 
   author    : http://multimerch.com/

File Name    : catalog/view/theme/*/template/common/header.tpl(0)
VQModObject::applyMod - SEARCH NOT FOUND (SKIPPED): <li><a href="<?php echo $contact; ?>"><i class="fa fa-phone"></i></a> <span class="hidden-xs hidden-sm hidden-md"><?php echo $telephone; ?></span></li>

----------------------------------------------------------------------


---------- Date: 2015-08-14 19:54:20 ~ IP : 144.76.185.173 ----------
REQUEST URI : /index.php?route=product/product&product_id=93
MOD DETAILS:
   modFile   : /home/dryvrc5/public_html/vqmod/xml/multimerch_core_sellermenu.xml
   id        : MultiMerch Core Seller Menu
   version   : 
   vqmver    : 
   author    : http://multimerch.com/

File Name    : catalog/view/theme/*/template/common/header.tpl(0)
VQModObject::applyMod - SEARCH NOT FOUND (SKIPPED): <li><a href="<?php echo $contact; ?>"><i class="fa fa-phone"></i></a> <span class="hidden-xs hidden-sm hidden-md"><?php echo $telephone; ?></span></li>

----------------------------------------------------------------------


---------- Date: 2015-08-14 19:54:20 ~ IP : 144.76.185.173 ----------
REQUEST URI : /index.php?route=product/product&product_id=172
MOD DETAILS:
   modFile   : /home/dryvrc5/public_html/vqmod/xml/multimerch_core_sellermenu.xml
   id        : MultiMerch Core Seller Menu
   version   : 
   vqmver    : 
   author    : http://multimerch.com/

File Name    : catalog/view/theme/*/template/common/header.tpl(0)
VQModObject::applyMod - SEARCH NOT FOUND (SKIPPED): <li><a href="<?php echo $contact; ?>"><i class="fa fa-phone"></i></a> <span class="hidden-xs hidden-sm hidden-md"><?php echo $telephone; ?></span></li>

----------------------------------------------------------------------


---------- Date: 2015-08-14 19:54:21 ~ IP : 144.76.185.173 ----------
REQUEST URI : /index.php?route=product/product&product_id=115
MOD DETAILS:
   modFile   : /home/dryvrc5/public_html/vqmod/xml/multimerch_core_sellermenu.xml
   id        : MultiMerch Core Seller Menu
   version   : 
   vqmver    : 
   author    : http://multimerch.com/

File Name    : catalog/view/theme/*/template/common/header.tpl(0)
VQModObject::applyMod - SEARCH NOT FOUND (SKIPPED): <li><a href="<?php echo $contact; ?>"><i class="fa fa-phone"></i></a> <span class="hidden-xs hidden-sm hidden-md"><?php echo $telephone; ?></span></li>

----------------------------------------------------------------------


---------- Date: 2015-08-14 19:54:21 ~ IP : 144.76.185.173 ----------
REQUEST URI : /index.php?route=product/product&product_id=131
MOD DETAILS:
   modFile   : /home/dryvrc5/public_html/vqmod/xml/multimerch_core_sellermenu.xml
   id        : MultiMerch Core Seller Menu
   version   : 
   vqmver    : 
   author    : http://multimerch.com/

File Name    : catalog/view/theme/*/template/common/header.tpl(0)
VQModObject::applyMod - SEARCH NOT FOUND (SKIPPED): <li><a href="<?php echo $contact; ?>"><i class="fa fa-phone"></i></a> <span class="hidden-xs hidden-sm hidden-md"><?php echo $telephone; ?></span></li>

----------------------------------------------------------------------


---------- Date: 2015-08-14 19:54:22 ~ IP : 144.76.185.173 ----------
REQUEST URI : /index.php?route=product/product&product_id=197
MOD DETAILS:
   modFile   : /home/dryvrc5/public_html/vqmod/xml/multimerch_core_sellermenu.xml
   id        : MultiMerch Core Seller Menu
   version   : 
   vqmver    : 
   author    : http://multimerch.com/

File Name    : catalog/view/theme/*/template/common/header.tpl(0)
VQModObject::applyMod - SEARCH NOT FOUND (SKIPPED): <li><a href="<?php echo $contact; ?>"><i class="fa fa-phone"></i></a> <span class="hidden-xs hidden-sm hidden-md"><?php echo $telephone; ?></span></li>

----------------------------------------------------------------------


---------- Date: 2015-08-14 19:54:22 ~ IP : 144.76.185.173 ----------
REQUEST URI : /index.php?route=product/product&product_id=190
MOD DETAILS:
   modFile   : /home/dryvrc5/public_html/vqmod/xml/multimerch_core_sellermenu.xml
   id        : MultiMerch Core Seller Menu
   version   : 
   vqmver    : 
   author    : http://multimerch.com/

File Name    : catalog/view/theme/*/template/common/header.tpl(0)
VQModObject::applyMod - SEARCH NOT FOUND (SKIPPED): <li><a href="<?php echo $contact; ?>"><i class="fa fa-phone"></i></a> <span class="hidden-xs hidden-sm hidden-md"><?php echo $telephone; ?></span></li>

----------------------------------------------------------------------


---------- Date: 2015-08-14 19:54:24 ~ IP : 144.76.185.173 ----------
REQUEST URI : /index.php?route=product/special
MOD DETAILS:
   modFile   : /home/dryvrc5/public_html/vqmod/xml/multimerch_core_sellermenu.xml
   id        : MultiMerch Core Seller Menu
   version   : 
   vqmver    : 
   author    : http://multimerch.com/

File Name    : catalog/view/theme/*/template/common/header.tpl(0)
VQModObject::applyMod - SEARCH NOT FOUND (SKIPPED): <li><a href="<?php echo $contact; ?>"><i class="fa fa-phone"></i></a> <span class="hidden-xs hidden-sm hidden-md"><?php echo $telephone; ?></span></li>

----------------------------------------------------------------------


---------- Date: 2015-08-14 19:54:25 ~ IP : 144.76.185.173 ----------
REQUEST URI : /index.php?route=account/voucher
MOD DETAILS:
   modFile   : /home/dryvrc5/public_html/vqmod/xml/multimerch_core_sellermenu.xml
   id        : MultiMerch Core Seller Menu
   version   : 
   vqmver    : 
   author    : http://multimerch.com/

File Name    : catalog/view/theme/*/template/common/header.tpl(0)
VQModObject::applyMod - SEARCH NOT FOUND (SKIPPED): <li><a href="<?php echo $contact; ?>"><i class="fa fa-phone"></i></a> <span class="hidden-xs hidden-sm hidden-md"><?php echo $telephone; ?></span></li>

----------------------------------------------------------------------


---------- Date: 2015-08-14 19:54:25 ~ IP : 144.76.185.173 ----------
REQUEST URI : /index.php?route=information/sitemap
MOD DETAILS:
   modFile   : /home/dryvrc5/public_html/vqmod/xml/multimerch_core_sellermenu.xml
   id        : MultiMerch Core Seller Menu
   version   : 
   vqmver    : 
   author    : http://multimerch.com/

File Name    : catalog/view/theme/*/template/common/header.tpl(0)
VQModObject::applyMod - SEARCH NOT FOUND (SKIPPED): <li><a href="<?php echo $contact; ?>"><i class="fa fa-phone"></i></a> <span class="hidden-xs hidden-sm hidden-md"><?php echo $telephone; ?></span></li>

----------------------------------------------------------------------


---------- Date: 2015-08-14 19:54:26 ~ IP : 144.76.185.173 ----------
REQUEST URI : /about_us
MOD DETAILS:
   modFile   : /home/dryvrc5/public_html/vqmod/xml/multimerch_core_sellermenu.xml
   id        : MultiMerch Core Seller Menu
   version   : 
   vqmver    : 
   author    : http://multimerch.com/

File Name    : catalog/view/theme/*/template/common/header.tpl(0)
VQModObject::applyMod - SEARCH NOT FOUND (SKIPPED): <li><a href="<?php echo $contact; ?>"><i class="fa fa-phone"></i></a> <span class="hidden-xs hidden-sm hidden-md"><?php echo $telephone; ?></span></li>

----------------------------------------------------------------------


---------- Date: 2015-08-14 19:54:26 ~ IP : 144.76.185.173 ----------
REQUEST URI : /index.php?route=information/contact
MOD DETAILS:
   modFile   : /home/dryvrc5/public_html/vqmod/xml/multimerch_core_sellermenu.xml
   id        : MultiMerch Core Seller Menu
   version   : 
   vqmver    : 
   author    : http://multimerch.com/

File Name    : catalog/view/theme/*/template/common/header.tpl(0)
VQModObject::applyMod - SEARCH NOT FOUND (SKIPPED): <li><a href="<?php echo $contact; ?>"><i class="fa fa-phone"></i></a> <span class="hidden-xs hidden-sm hidden-md"><?php echo $telephone; ?></span></li>

----------------------------------------------------------------------


---------- Date: 2015-08-14 19:54:27 ~ IP : 144.76.185.173 ----------
REQUEST URI : /index.php?route=account/login
MOD DETAILS:
   modFile   : /home/dryvrc5/public_html/vqmod/xml/multimerch_core.xml
   id        : MultiMerch Digital Multivendor Marketplace Core
   version   : 
   vqmver    : 
   author    : http://multimerch.com/

File Name    : catalog/controller/account/login.php(0)
VQModObject::applyMod - SEARCH NOT FOUND (SKIPPED): $this->response->redirect($this->url->link('account/account'));
MOD DETAILS:
   modFile   : /home/dryvrc5/public_html/vqmod/xml/multimerch_core_sellermenu.xml
   id        : MultiMerch Core Seller Menu
   version   : 
   vqmver    : 
   author    : http://multimerch.com/

File Name    : catalog/view/theme/*/template/common/header.tpl(0)
VQModObject::applyMod - SEARCH NOT FOUND (SKIPPED): <li><a href="<?php echo $contact; ?>"><i class="fa fa-phone"></i></a> <span class="hidden-xs hidden-sm hidden-md"><?php echo $telephone; ?></span></li>

----------------------------------------------------------------------


---------- Date: 2015-08-14 19:54:27 ~ IP : 144.76.185.173 ----------
REQUEST URI : /index.php?route=account/login
MOD DETAILS:
   modFile   : /home/dryvrc5/public_html/vqmod/xml/multimerch_core.xml
   id        : MultiMerch Digital Multivendor Marketplace Core
   version   : 
   vqmver    : 
   author    : http://multimerch.com/

File Name    : catalog/controller/account/login.php(0)
VQModObject::applyMod - SEARCH NOT FOUND (SKIPPED): $this->response->redirect($this->url->link('account/account'));
MOD DETAILS:
   modFile   : /home/dryvrc5/public_html/vqmod/xml/multimerch_core_sellermenu.xml
   id        : MultiMerch Core Seller Menu
   version   : 
   vqmver    : 
   author    : http://multimerch.com/

File Name    : catalog/view/theme/*/template/common/header.tpl(0)
VQModObject::applyMod - SEARCH NOT FOUND (SKIPPED): <li><a href="<?php echo $contact; ?>"><i class="fa fa-phone"></i></a> <span class="hidden-xs hidden-sm hidden-md"><?php echo $telephone; ?></span></li>

----------------------------------------------------------------------


---------- Date: 2015-08-14 19:54:28 ~ IP : 144.76.185.173 ----------
REQUEST URI : /index.php?route=account/login
MOD DETAILS:
   modFile   : /home/dryvrc5/public_html/vqmod/xml/multimerch_core.xml
   id        : MultiMerch Digital Multivendor Marketplace Core
   version   : 
   vqmver    : 
   author    : http://multimerch.com/

File Name    : catalog/controller/account/login.php(0)
VQModObject::applyMod - SEARCH NOT FOUND (SKIPPED): $this->response->redirect($this->url->link('account/account'));
MOD DETAILS:
   modFile   : /home/dryvrc5/public_html/vqmod/xml/multimerch_core_sellermenu.xml
   id        : MultiMerch Core Seller Menu
   version   : 
   vqmver    : 
   author    : http://multimerch.com/

File Name    : catalog/view/theme/*/template/common/header.tpl(0)
VQModObject::applyMod - SEARCH NOT FOUND (SKIPPED): <li><a href="<?php echo $contact; ?>"><i class="fa fa-phone"></i></a> <span class="hidden-xs hidden-sm hidden-md"><?php echo $telephone; ?></span></li>

----------------------------------------------------------------------


---------- Date: 2015-08-14 19:54:28 ~ IP : 144.76.185.173 ----------
REQUEST URI : /index.php?route=account/login
MOD DETAILS:
   modFile   : /home/dryvrc5/public_html/vqmod/xml/multimerch_core.xml
   id        : MultiMerch Digital Multivendor Marketplace Core
   version   : 
   vqmver    : 
   author    : http://multimerch.com/

File Name    : catalog/controller/account/login.php(0)
VQModObject::applyMod - SEARCH NOT FOUND (SKIPPED): $this->response->redirect($this->url->link('account/account'));
MOD DETAILS:
   modFile   : /home/dryvrc5/public_html/vqmod/xml/multimerch_core_sellermenu.xml
   id        : MultiMerch Core Seller Menu
   version   : 
   vqmver    : 
   author    : http://multimerch.com/

File Name    : catalog/view/theme/*/template/common/header.tpl(0)
VQModObject::applyMod - SEARCH NOT FOUND (SKIPPED): <li><a href="<?php echo $contact; ?>"><i class="fa fa-phone"></i></a> <span class="hidden-xs hidden-sm hidden-md"><?php echo $telephone; ?></span></li>

----------------------------------------------------------------------


---------- Date: 2015-08-14 19:54:29 ~ IP : 144.76.185.173 ----------
REQUEST URI : /index.php?route=affiliate/login
MOD DETAILS:
   modFile   : /home/dryvrc5/public_html/vqmod/xml/multimerch_core_sellermenu.xml
   id        : MultiMerch Core Seller Menu
   version   : 
   vqmver    : 
   author    : http://multimerch.com/

File Name    : catalog/view/theme/*/template/common/header.tpl(0)
VQModObject::applyMod - SEARCH NOT FOUND (SKIPPED): <li><a href="<?php echo $contact; ?>"><i class="fa fa-phone"></i></a> <span class="hidden-xs hidden-sm hidden-md"><?php echo $telephone; ?></span></li>

----------------------------------------------------------------------


---------- Date: 2015-08-14 19:59:43 ~ IP : 180.76.15.138 ----------
REQUEST URI : /
MOD DETAILS:
   modFile   : /home/dryvrc5/public_html/vqmod/xml/multimerch_core_sellermenu.xml
   id        : MultiMerch Core Seller Menu
   version   : 
   vqmver    : 
   author    : http://multimerch.com/

File Name    : catalog/view/theme/*/template/common/header.tpl(0)
VQModObject::applyMod - SEARCH NOT FOUND (SKIPPED): <li><a href="<?php echo $contact; ?>"><i class="fa fa-phone"></i></a> <span class="hidden-xs hidden-sm hidden-md"><?php echo $telephone; ?></span></li>

----------------------------------------------------------------------


---------- Date: 2015-08-14 20:01:07 ~ IP : 180.76.15.33 ----------
REQUEST URI : /
MOD DETAILS:
   modFile   : /home/dryvrc5/public_html/vqmod/xml/multimerch_core_sellermenu.xml
   id        : MultiMerch Core Seller Menu
   version   : 
   vqmver    : 
   author    : http://multimerch.com/

File Name    : catalog/view/theme/*/template/common/header.tpl(0)
VQModObject::applyMod - SEARCH NOT FOUND (SKIPPED): <li><a href="<?php echo $contact; ?>"><i class="fa fa-phone"></i></a> <span class="hidden-xs hidden-sm hidden-md"><?php echo $telephone; ?></span></li>

----------------------------------------------------------------------


---------- Date: 2015-08-14 20:11:31 ~ IP : 180.76.15.24 ----------
REQUEST URI : /
MOD DETAILS:
   modFile   : /home/dryvrc5/public_html/vqmod/xml/multimerch_core_sellermenu.xml
   id        : MultiMerch Core Seller Menu
   version   : 
   vqmver    : 
   author    : http://multimerch.com/

File Name    : catalog/view/theme/*/template/common/header.tpl(0)
VQModObject::applyMod - SEARCH NOT FOUND (SKIPPED): <li><a href="<?php echo $contact; ?>"><i class="fa fa-phone"></i></a> <span class="hidden-xs hidden-sm hidden-md"><?php echo $telephone; ?></span></li>

----------------------------------------------------------------------


---------- Date: 2015-08-14 20:34:40 ~ IP : 180.76.15.134 ----------
REQUEST URI : /
MOD DETAILS:
   modFile   : /home/dryvrc5/public_html/vqmod/xml/multimerch_core_sellermenu.xml
   id        : MultiMerch Core Seller Menu
   version   : 
   vqmver    : 
   author    : http://multimerch.com/

File Name    : catalog/view/theme/*/template/common/header.tpl(0)
VQModObject::applyMod - SEARCH NOT FOUND (SKIPPED): <li><a href="<?php echo $contact; ?>"><i class="fa fa-phone"></i></a> <span class="hidden-xs hidden-sm hidden-md"><?php echo $telephone; ?></span></li>

----------------------------------------------------------------------


---------- Date: 2015-08-14 20:35:10 ~ IP : 180.76.15.148 ----------
REQUEST URI : /
MOD DETAILS:
   modFile   : /home/dryvrc5/public_html/vqmod/xml/multimerch_core_sellermenu.xml
   id        : MultiMerch Core Seller Menu
   version   : 
   vqmver    : 
   author    : http://multimerch.com/

File Name    : catalog/view/theme/*/template/common/header.tpl(0)
VQModObject::applyMod - SEARCH NOT FOUND (SKIPPED): <li><a href="<?php echo $contact; ?>"><i class="fa fa-phone"></i></a> <span class="hidden-xs hidden-sm hidden-md"><?php echo $telephone; ?></span></li>

----------------------------------------------------------------------


---------- Date: 2015-08-14 20:41:31 ~ IP : 180.76.15.25 ----------
REQUEST URI : /index.php?route=product/listing&make_id=252&sort=p.daily&order=DESC
MOD DETAILS:
   modFile   : /home/dryvrc5/public_html/vqmod/xml/multimerch_core_sellermenu.xml
   id        : MultiMerch Core Seller Menu
   version   : 
   vqmver    : 
   author    : http://multimerch.com/

File Name    : catalog/view/theme/*/template/common/header.tpl(0)
VQModObject::applyMod - SEARCH NOT FOUND (SKIPPED): <li><a href="<?php echo $contact; ?>"><i class="fa fa-phone"></i></a> <span class="hidden-xs hidden-sm hidden-md"><?php echo $telephone; ?></span></li>

----------------------------------------------------------------------


---------- Date: 2015-08-14 21:07:08 ~ IP : 66.249.79.130 ----------
REQUEST URI : /index.php?route=product/product&product_id=158
MOD DETAILS:
   modFile   : /home/dryvrc5/public_html/vqmod/xml/multimerch_core_sellermenu.xml
   id        : MultiMerch Core Seller Menu
   version   : 
   vqmver    : 
   author    : http://multimerch.com/

File Name    : catalog/view/theme/*/template/common/header.tpl(0)
VQModObject::applyMod - SEARCH NOT FOUND (SKIPPED): <li><a href="<?php echo $contact; ?>"><i class="fa fa-phone"></i></a> <span class="hidden-xs hidden-sm hidden-md"><?php echo $telephone; ?></span></li>

----------------------------------------------------------------------


---------- Date: 2015-08-14 21:43:31 ~ IP : 141.212.122.82 ----------
REQUEST URI : /
MOD DETAILS:
   modFile   : /home/dryvrc5/public_html/vqmod/xml/multimerch_core_sellermenu.xml
   id        : MultiMerch Core Seller Menu
   version   : 
   vqmver    : 
   author    : http://multimerch.com/

File Name    : catalog/view/theme/*/template/common/header.tpl(0)
VQModObject::applyMod - SEARCH NOT FOUND (SKIPPED): <li><a href="<?php echo $contact; ?>"><i class="fa fa-phone"></i></a> <span class="hidden-xs hidden-sm hidden-md"><?php echo $telephone; ?></span></li>

----------------------------------------------------------------------


---------- Date: 2015-08-14 21:54:59 ~ IP : 180.76.15.24 ----------
REQUEST URI : /index.php?route=product/listing&make_id=93&sort=p.daily&order=ASC&limit=30
MOD DETAILS:
   modFile   : /home/dryvrc5/public_html/vqmod/xml/multimerch_core_sellermenu.xml
   id        : MultiMerch Core Seller Menu
   version   : 
   vqmver    : 
   author    : http://multimerch.com/

File Name    : catalog/view/theme/*/template/common/header.tpl(0)
VQModObject::applyMod - SEARCH NOT FOUND (SKIPPED): <li><a href="<?php echo $contact; ?>"><i class="fa fa-phone"></i></a> <span class="hidden-xs hidden-sm hidden-md"><?php echo $telephone; ?></span></li>

----------------------------------------------------------------------


---------- Date: 2015-08-14 22:05:58 ~ IP : 180.76.15.145 ----------
REQUEST URI : /
MOD DETAILS:
   modFile   : /home/dryvrc5/public_html/vqmod/xml/multimerch_core_sellermenu.xml
   id        : MultiMerch Core Seller Menu
   version   : 
   vqmver    : 
   author    : http://multimerch.com/

File Name    : catalog/view/theme/*/template/common/header.tpl(0)
VQModObject::applyMod - SEARCH NOT FOUND (SKIPPED): <li><a href="<?php echo $contact; ?>"><i class="fa fa-phone"></i></a> <span class="hidden-xs hidden-sm hidden-md"><?php echo $telephone; ?></span></li>

----------------------------------------------------------------------


---------- Date: 2015-08-14 22:07:13 ~ IP : 180.76.15.139 ----------
REQUEST URI : /
MOD DETAILS:
   modFile   : /home/dryvrc5/public_html/vqmod/xml/multimerch_core_sellermenu.xml
   id        : MultiMerch Core Seller Menu
   version   : 
   vqmver    : 
   author    : http://multimerch.com/

File Name    : catalog/view/theme/*/template/common/header.tpl(0)
VQModObject::applyMod - SEARCH NOT FOUND (SKIPPED): <li><a href="<?php echo $contact; ?>"><i class="fa fa-phone"></i></a> <span class="hidden-xs hidden-sm hidden-md"><?php echo $telephone; ?></span></li>

----------------------------------------------------------------------


---------- Date: 2015-08-14 22:09:59 ~ IP : 180.76.15.151 ----------
REQUEST URI : /index.php?route=product/listing&make_id=103&sort=p.daily&order=ASC&limit=25
MOD DETAILS:
   modFile   : /home/dryvrc5/public_html/vqmod/xml/multimerch_core_sellermenu.xml
   id        : MultiMerch Core Seller Menu
   version   : 
   vqmver    : 
   author    : http://multimerch.com/

File Name    : catalog/view/theme/*/template/common/header.tpl(0)
VQModObject::applyMod - SEARCH NOT FOUND (SKIPPED): <li><a href="<?php echo $contact; ?>"><i class="fa fa-phone"></i></a> <span class="hidden-xs hidden-sm hidden-md"><?php echo $telephone; ?></span></li>

----------------------------------------------------------------------


---------- Date: 2015-08-14 22:16:10 ~ IP : 74.124.194.34 ----------
REQUEST URI : /
MOD DETAILS:
   modFile   : /home/dryvrc5/public_html/vqmod/xml/multimerch_core_sellermenu.xml
   id        : MultiMerch Core Seller Menu
   version   : 
   vqmver    : 
   author    : http://multimerch.com/

File Name    : catalog/view/theme/*/template/common/header.tpl(0)
VQModObject::applyMod - SEARCH NOT FOUND (SKIPPED): <li><a href="<?php echo $contact; ?>"><i class="fa fa-phone"></i></a> <span class="hidden-xs hidden-sm hidden-md"><?php echo $telephone; ?></span></li>

----------------------------------------------------------------------


---------- Date: 2015-08-14 22:22:55 ~ IP : 66.249.79.143 ----------
REQUEST URI : /index.php?route=product/product&product_id=156
MOD DETAILS:
   modFile   : /home/dryvrc5/public_html/vqmod/xml/multimerch_core_sellermenu.xml
   id        : MultiMerch Core Seller Menu
   version   : 
   vqmver    : 
   author    : http://multimerch.com/

File Name    : catalog/view/theme/*/template/common/header.tpl(0)
VQModObject::applyMod - SEARCH NOT FOUND (SKIPPED): <li><a href="<?php echo $contact; ?>"><i class="fa fa-phone"></i></a> <span class="hidden-xs hidden-sm hidden-md"><?php echo $telephone; ?></span></li>

----------------------------------------------------------------------


---------- Date: 2015-08-14 22:24:59 ~ IP : 180.76.15.34 ----------
REQUEST URI : /index.php?route=product/listing&make_id=150&sort=p.daily&order=ASC&limit=100
MOD DETAILS:
   modFile   : /home/dryvrc5/public_html/vqmod/xml/multimerch_core_sellermenu.xml
   id        : MultiMerch Core Seller Menu
   version   : 
   vqmver    : 
   author    : http://multimerch.com/

File Name    : catalog/view/theme/*/template/common/header.tpl(0)
VQModObject::applyMod - SEARCH NOT FOUND (SKIPPED): <li><a href="<?php echo $contact; ?>"><i class="fa fa-phone"></i></a> <span class="hidden-xs hidden-sm hidden-md"><?php echo $telephone; ?></span></li>

----------------------------------------------------------------------


---------- Date: 2015-08-14 22:58:06 ~ IP : 180.76.15.157 ----------
REQUEST URI : /index.php?route=product/product&product_id=92
MOD DETAILS:
   modFile   : /home/dryvrc5/public_html/vqmod/xml/multimerch_core_sellermenu.xml
   id        : MultiMerch Core Seller Menu
   version   : 
   vqmver    : 
   author    : http://multimerch.com/

File Name    : catalog/view/theme/*/template/common/header.tpl(0)
VQModObject::applyMod - SEARCH NOT FOUND (SKIPPED): <li><a href="<?php echo $contact; ?>"><i class="fa fa-phone"></i></a> <span class="hidden-xs hidden-sm hidden-md"><?php echo $telephone; ?></span></li>

----------------------------------------------------------------------


---------- Date: 2015-08-14 23:20:48 ~ IP : 192.187.110.98 ----------
REQUEST URI : http://testp3.pospr.waw.pl/testproxy.php
MOD DETAILS:
   modFile   : /home/dryvrc5/public_html/vqmod/xml/multimerch_core_sellermenu.xml
   id        : MultiMerch Core Seller Menu
   version   : 
   vqmver    : 
   author    : http://multimerch.com/

File Name    : catalog/view/theme/*/template/common/header.tpl(0)
VQModObject::applyMod - SEARCH NOT FOUND (SKIPPED): <li><a href="<?php echo $contact; ?>"><i class="fa fa-phone"></i></a> <span class="hidden-xs hidden-sm hidden-md"><?php echo $telephone; ?></span></li>

----------------------------------------------------------------------


---------- Date: 2015-08-14 23:38:42 ~ IP : 66.249.79.143 ----------
REQUEST URI : /index.php?route=product/product&product_id=115
MOD DETAILS:
   modFile   : /home/dryvrc5/public_html/vqmod/xml/multimerch_core_sellermenu.xml
   id        : MultiMerch Core Seller Menu
   version   : 
   vqmver    : 
   author    : http://multimerch.com/

File Name    : catalog/view/theme/*/template/common/header.tpl(0)
VQModObject::applyMod - SEARCH NOT FOUND (SKIPPED): <li><a href="<?php echo $contact; ?>"><i class="fa fa-phone"></i></a> <span class="hidden-xs hidden-sm hidden-md"><?php echo $telephone; ?></span></li>

----------------------------------------------------------------------


---------- Date: 2015-08-14 23:49:33 ~ IP : 66.249.83.148 ----------
REQUEST URI : /
MOD DETAILS:
   modFile   : /home/dryvrc5/public_html/vqmod/xml/multimerch_core_sellermenu.xml
   id        : MultiMerch Core Seller Menu
   version   : 
   vqmver    : 
   author    : http://multimerch.com/

File Name    : catalog/view/theme/*/template/common/header.tpl(0)
VQModObject::applyMod - SEARCH NOT FOUND (SKIPPED): <li><a href="<?php echo $contact; ?>"><i class="fa fa-phone"></i></a> <span class="hidden-xs hidden-sm hidden-md"><?php echo $telephone; ?></span></li>

----------------------------------------------------------------------


---------- Date: 2015-08-14 23:49:34 ~ IP : 66.249.83.158 ----------
REQUEST URI : /
MOD DETAILS:
   modFile   : /home/dryvrc5/public_html/vqmod/xml/multimerch_core_sellermenu.xml
   id        : MultiMerch Core Seller Menu
   version   : 
   vqmver    : 
   author    : http://multimerch.com/

File Name    : catalog/view/theme/*/template/common/header.tpl(0)
VQModObject::applyMod - SEARCH NOT FOUND (SKIPPED): <li><a href="<?php echo $contact; ?>"><i class="fa fa-phone"></i></a> <span class="hidden-xs hidden-sm hidden-md"><?php echo $telephone; ?></span></li>

----------------------------------------------------------------------


---------- Date: 2015-08-14 23:50:19 ~ IP : 66.249.84.163 ----------
REQUEST URI : /
MOD DETAILS:
   modFile   : /home/dryvrc5/public_html/vqmod/xml/multimerch_core_sellermenu.xml
   id        : MultiMerch Core Seller Menu
   version   : 
   vqmver    : 
   author    : http://multimerch.com/

File Name    : catalog/view/theme/*/template/common/header.tpl(0)
VQModObject::applyMod - SEARCH NOT FOUND (SKIPPED): <li><a href="<?php echo $contact; ?>"><i class="fa fa-phone"></i></a> <span class="hidden-xs hidden-sm hidden-md"><?php echo $telephone; ?></span></li>

----------------------------------------------------------------------


---------- Date: 2015-08-14 23:50:20 ~ IP : 66.249.84.188 ----------
REQUEST URI : /
MOD DETAILS:
   modFile   : /home/dryvrc5/public_html/vqmod/xml/multimerch_core_sellermenu.xml
   id        : MultiMerch Core Seller Menu
   version   : 
   vqmver    : 
   author    : http://multimerch.com/

File Name    : catalog/view/theme/*/template/common/header.tpl(0)
VQModObject::applyMod - SEARCH NOT FOUND (SKIPPED): <li><a href="<?php echo $contact; ?>"><i class="fa fa-phone"></i></a> <span class="hidden-xs hidden-sm hidden-md"><?php echo $telephone; ?></span></li>

----------------------------------------------------------------------


---------- Date: 2015-08-14 23:54:53 ~ IP : 180.76.15.17 ----------
REQUEST URI : /index.php?route=product/listing&make_id=161&limit=100
MOD DETAILS:
   modFile   : /home/dryvrc5/public_html/vqmod/xml/multimerch_core_sellermenu.xml
   id        : MultiMerch Core Seller Menu
   version   : 
   vqmver    : 
   author    : http://multimerch.com/

File Name    : catalog/view/theme/*/template/common/header.tpl(0)
VQModObject::applyMod - SEARCH NOT FOUND (SKIPPED): <li><a href="<?php echo $contact; ?>"><i class="fa fa-phone"></i></a> <span class="hidden-xs hidden-sm hidden-md"><?php echo $telephone; ?></span></li>

----------------------------------------------------------------------


